Using pre-set license
Built from '2021.3/staging' branch; Version is '2021.3.36f1 (7a0645017be0) revision 7996997'; Using compiler version '192829333'; Build Type 'Release'
OS: 'Windows 11  (10.0.26100) 64bit Core' Language: 'en' Physical Memory: 16279 MB
BatchMode: 1, IsHumanControllingUs: 0, StartBugReporterOnCrash: 0, Is64bit: 1, IsPro: 1

COMMAND LINE ARGUMENTS:
X:\UnityHub\2021.3.36f1\Editor\Unity.exe
-adb2
-batchMode
-noUpm
-name
AssetImportWorker0
-projectPath
X:/UnityHub/UnemployedKingVII/Unemployment King VII
-logFile
Logs/AssetImportWorker0.log
-srvPort
51150
Successfully changed project path to: X:/UnityHub/UnemployedKingVII/Unemployment King VII
X:/UnityHub/UnemployedKingVII/Unemployment King VII
[UnityMemory] Configuration Parameters - Can be set up in boot.config
    "memorysetup-bucket-allocator-granularity=16"
    "memorysetup-bucket-allocator-bucket-count=8"
    "memorysetup-bucket-allocator-block-size=33554432"
    "memorysetup-bucket-allocator-block-count=8"
    "memorysetup-main-allocator-block-size=16777216"
    "memorysetup-thread-allocator-block-size=16777216"
    "memorysetup-gfx-main-allocator-block-size=16777216"
    "memorysetup-gfx-thread-allocator-block-size=16777216"
    "memorysetup-cache-allocator-block-size=4194304"
    "memorysetup-typetree-allocator-block-size=2097152"
    "memorysetup-profiler-bucket-allocator-granularity=16"
    "memorysetup-profiler-bucket-allocator-bucket-count=8"
    "memorysetup-profiler-bucket-allocator-block-size=33554432"
    "memorysetup-profiler-bucket-allocator-block-count=8"
    "memorysetup-profiler-allocator-block-size=16777216"
    "memorysetup-profiler-editor-allocator-block-size=1048576"
    "memorysetup-temp-allocator-size-main=16777216"
    "memorysetup-job-temp-allocator-block-size=2097152"
    "memorysetup-job-temp-allocator-block-size-background=1048576"
    "memorysetup-job-temp-allocator-reduction-small-platforms=262144"
    "memorysetup-temp-allocator-size-background-worker=32768"
    "memorysetup-temp-allocator-size-job-worker=262144"
    "memorysetup-temp-allocator-size-preload-manager=33554432"
    "memorysetup-temp-allocator-size-nav-mesh-worker=65536"
    "memorysetup-temp-allocator-size-audio-worker=65536"
    "memorysetup-temp-allocator-size-cloud-worker=32768"
    "memorysetup-temp-allocator-size-gi-baking-worker=262144"
    "memorysetup-temp-allocator-size-gfx=262144"
Player connection [1384] Host "[IP] 192.168.1.116 [Port] 0 [Flags] 2 [Guid] 3957200395 [EditorId] 3957200395 [Version] 1048832 [Id] WindowsEditor(7,DESKTOP-72RE047) [Debug] 1 [PackageName] WindowsEditor [ProjectName] Editor" joined multi-casting on [225.0.0.222:54997]...

Player connection [1384] Host "[IP] 192.168.1.116 [Port] 0 [Flags] 2 [Guid] 3957200395 [EditorId] 3957200395 [Version] 1048832 [Id] WindowsEditor(7,DESKTOP-72RE047) [Debug] 1 [PackageName] WindowsEditor [ProjectName] Editor" joined alternative multi-casting on [225.0.0.222:34997]...

[Physics::Module] Initialized MultithreadedJobDispatcher with {0} workers.
Refreshing native plugins compatible for Editor in 172.02 ms, found 4 plugins.
Preloading 0 native plugins for Editor in 0.00 ms.
Initialize engine version: 2021.3.36f1 (7a0645017be0)
[Subsystems] Discovering subsystems at path X:/UnityHub/2021.3.36f1/Editor/Data/Resources/UnitySubsystems
[Subsystems] Discovering subsystems at path X:/UnityHub/UnemployedKingVII/Unemployment King VII/Assets
GfxDevice: creating device client; threaded=0; jobified=0
Direct3D:
    Version:  Direct3D 11.0 [level 11.1]
    Renderer: NVIDIA GeForce RTX 3060 (ID=0x2504)
    Vendor:   NVIDIA
    VRAM:     12115 MB
    Driver:   32.0.15.6614
Initialize mono
Mono path[0] = 'X:/UnityHub/2021.3.36f1/Editor/Data/Managed'
Mono path[1] = 'X:/UnityHub/2021.3.36f1/Editor/Data/MonoBleedingEdge/lib/mono/unityjit-win32'
Mono config path = 'X:/UnityHub/2021.3.36f1/Editor/Data/MonoBleedingEdge/etc'
Using monoOptions --debugger-agent=transport=dt_socket,embedding=1,server=y,suspend=n,address=127.0.0.1:56032
Begin MonoManager ReloadAssembly
Registering precompiled unity dll's ...
Register platform support module: X:/UnityHub/2021.3.36f1/Editor/Data/PlaybackEngines/WindowsStandaloneSupport/UnityEditor.WindowsStandalone.Extensions.dll
Registered in 0.002038 seconds.
Native extension for WindowsStandalone target not found
Refreshing native plugins compatible for Editor in 143.46 ms, found 4 plugins.
Preloading 0 native plugins for Editor in 0.00 ms.
Mono: successfully reloaded assembly
- Completed reload, in  0.730 seconds
Domain Reload Profiling:
	ReloadAssembly (731ms)
		BeginReloadAssembly (107ms)
			ExecutionOrderSort (0ms)
			DisableScriptedObjects (0ms)
			BackupInstance (0ms)
			ReleaseScriptingObjects (0ms)
			CreateAndSetChildDomain (1ms)
		EndReloadAssembly (532ms)
			LoadAssemblies (106ms)
			RebuildTransferFunctionScriptingTraits (0ms)
			SetupTypeCache (110ms)
			ReleaseScriptCaches (0ms)
			RebuildScriptCaches (28ms)
			SetupLoadedEditorAssemblies (358ms)
				LogAssemblyErrors (0ms)
				InitializePlatformSupportModulesInManaged (6ms)
				SetLoadedEditorAssemblies (0ms)
				RefreshPlugins (144ms)
				BeforeProcessingInitializeOnLoad (1ms)
				ProcessInitializeOnLoadAttributes (162ms)
				ProcessInitializeOnLoadMethodAttributes (45ms)
				AfterProcessingInitializeOnLoad (0ms)
				EditorAssembliesLoaded (0ms)
			ExecutionOrderSort2 (0ms)
			AwakeInstancesAfterBackupRestoration (0ms)
Platform modules already initialized, skipping
Registering precompiled user dll's ...
Registered in 0.007396 seconds.
Begin MonoManager ReloadAssembly
Native extension for WindowsStandalone target not found
Refreshing native plugins compatible for Editor in 147.69 ms, found 4 plugins.
Preloading 0 native plugins for Editor in 0.00 ms.
Package Manager log level set to [2]
[Package Manager] Server::EnsureServerProcessIsRunning -- launch failed, reason: Unity was launched with the -noUpm command-line argument
[Package Manager] Cannot connect to Unity Package Manager local server
Mono: successfully reloaded assembly
- Completed reload, in  1.790 seconds
Domain Reload Profiling:
	ReloadAssembly (1791ms)
		BeginReloadAssembly (138ms)
			ExecutionOrderSort (0ms)
			DisableScriptedObjects (6ms)
			BackupInstance (0ms)
			ReleaseScriptingObjects (0ms)
			CreateAndSetChildDomain (16ms)
		EndReloadAssembly (1556ms)
			LoadAssemblies (130ms)
			RebuildTransferFunctionScriptingTraits (0ms)
			SetupTypeCache (316ms)
			ReleaseScriptCaches (1ms)
			RebuildScriptCaches (79ms)
			SetupLoadedEditorAssemblies (1031ms)
				LogAssemblyErrors (0ms)
				InitializePlatformSupportModulesInManaged (3ms)
				SetLoadedEditorAssemblies (0ms)
				RefreshPlugins (148ms)
				BeforeProcessingInitializeOnLoad (121ms)
				ProcessInitializeOnLoadAttributes (664ms)
				ProcessInitializeOnLoadMethodAttributes (92ms)
				AfterProcessingInitializeOnLoad (2ms)
				EditorAssembliesLoaded (0ms)
			ExecutionOrderSort2 (0ms)
			AwakeInstancesAfterBackupRestoration (6ms)
Platform modules already initialized, skipping
========================================================================
Worker process is ready to serve import requests
Launched and connected shader compiler UnityShaderCompiler.exe after 0.04 seconds
Refreshing native plugins compatible for Editor in 1.13 ms, found 4 plugins.
Preloading 0 native plugins for Editor in 0.00 ms.
Unloading 5652 Unused Serialized files (Serialized files now loaded: 0)
Unloading 55 unused Assets / (0.8 MB). Loaded Objects now: 6105.
Memory consumption went from 230.9 MB to 230.1 MB.
Total: 3.998500 ms (FindLiveObjects: 0.383500 ms CreateObjectMapping: 0.351900 ms MarkObjects: 2.961900 ms  DeleteObjects: 0.300200 ms)

AssetImportParameters requested are different than current active one (requested -> active):
  custom:video-decoder-ogg-theora: a1e56fd34408186e4bbccfd4996cb3dc -> 
  custom:container-muxer-webm: aa71ff27fc2769a1b78a27578f13a17b -> 
  custom:container-demuxer-webm: 4f35f7cbe854078d1ac9338744f61a02 -> 
  custom:video-encoder-webm-vp8: eb34c28f22e8b96e1ab97ce403110664 -> 
  custom:CustomObjectIndexerAttribute: 6b0e35c9178b02a6363f3721b7b8e397 -> 
  custom:audio-encoder-webm-vorbis: bf7c407c2cedff20999df2af8eb42d56 -> 
  custom:framework-win-MediaFoundation: 216162199b28c13a410421893ffa2e32 -> 
  custom:SearchIndexIgnoredProperties: e643bd26f0fe6173181afceb89e7c659 -> 
  custom:container-demuxer-ogg: 62fdf1f143b41e24485cea50d1cbac27 -> 
  custom:video-decoder-webm-vp8: 9c59270c3fd7afecdb556c50c9e8de78 -> 
  custom:audio-decoder-ogg-vorbis: bf7c407c2cedff20999df2af8eb42d56 -> 
========================================================================
Received Import Request.
  Time since last request: 2661.154492 seconds.
  path: Assets/AstarPathfindingProject/ExampleScenes/Example2_Terrain/checkerGround.psd
  artifactKey: Guid(ee2523340e7944c4297a80937a51484c) Importer(815301076,1909f56bfc062723c751e8b465ee728b)
Number of updated assets reloaded before import = 0
Start importing Assets/AstarPathfindingProject/ExampleScenes/Example2_Terrain/checkerGround.psd using Guid(ee2523340e7944c4297a80937a51484c) Importer(815301076,1909f56bfc062723c751e8b465ee728b)  -> (artifact id: 'eda54b152ac29595bf880895b8c2bc8d') in 0.102784 seconds 
Number of asset objects unloaded after import = 2
========================================================================
Received Import Request.
  Time since last request: 5.560809 seconds.
  path: Assets/Assets/Medieval King Pack 2
  artifactKey: Guid(705f05421c37a8947aa70b548c08dc0c) Importer(815301076,1909f56bfc062723c751e8b465ee728b)
Number of updated assets reloaded before import = 0
Start importing Assets/Assets/Medieval King Pack 2 using Guid(705f05421c37a8947aa70b548c08dc0c) Importer(815301076,1909f56bfc062723c751e8b465ee728b)  -> (artifact id: 'abd48cf0f44b0bca65cbbc2ea9d0b508') in 0.009071 seconds 
Number of asset objects unloaded after import = 0
========================================================================
Received Import Request.
  Time since last request: 1.416762 seconds.
  path: Assets/Assets/Medieval King Pack 2/Sprites
  artifactKey: Guid(16d8449acf73f8146b39adfcb83b519e) Importer(815301076,1909f56bfc062723c751e8b465ee728b)
Number of updated assets reloaded before import = 0
Start importing Assets/Assets/Medieval King Pack 2/Sprites using Guid(16d8449acf73f8146b39adfcb83b519e) Importer(815301076,1909f56bfc062723c751e8b465ee728b)  -> (artifact id: 'c57cf93fe016f6c41c5655e0878cb148') in 0.008738 seconds 
Number of asset objects unloaded after import = 0
========================================================================
Received Import Request.
  Time since last request: 0.453383 seconds.
  path: Assets/Assets/Medieval King Pack 2/Animations
  artifactKey: Guid(51d8493caf4339641ae1abd58bb49d36) Importer(815301076,1909f56bfc062723c751e8b465ee728b)
Number of updated assets reloaded before import = 0
Start importing Assets/Assets/Medieval King Pack 2/Animations using Guid(51d8493caf4339641ae1abd58bb49d36) Importer(815301076,1909f56bfc062723c751e8b465ee728b)  -> (artifact id: 'ebc9233ea71b77ef4185317decc9ee91') in 0.011757 seconds 
Number of asset objects unloaded after import = 0
========================================================================
Received Import Request.
  Time since last request: 5.099280 seconds.
  path: Assets/Assets/Medieval King Pack 2/Demo
  artifactKey: Guid(8091bba92e14b5648a70c52135b6aebe) Importer(815301076,1909f56bfc062723c751e8b465ee728b)
Number of updated assets reloaded before import = 0
Start importing Assets/Assets/Medieval King Pack 2/Demo using Guid(8091bba92e14b5648a70c52135b6aebe) Importer(815301076,1909f56bfc062723c751e8b465ee728b)  -> (artifact id: 'fb415121bc47d7911ebfbcde1eacb09b') in 0.009185 seconds 
Number of asset objects unloaded after import = 0
========================================================================
Received Import Request.
  Time since last request: 6.152575 seconds.
  path: Assets/Materials
  artifactKey: Guid(e25916eb9e27e1345b960ee19488113b) Importer(815301076,1909f56bfc062723c751e8b465ee728b)
Number of updated assets reloaded before import = 0
Start importing Assets/Materials using Guid(e25916eb9e27e1345b960ee19488113b) Importer(815301076,1909f56bfc062723c751e8b465ee728b)  -> (artifact id: 'eeb0f308bb782de37e90648d7deea5ab') in 0.009629 seconds 
Number of asset objects unloaded after import = 0
========================================================================
Received Import Request.
  Time since last request: 0.185812 seconds.
  path: Assets/Materials/Slip.physicsMaterial2D
  artifactKey: Guid(1ac8a55ab3f28374d9c25cf013be9791) Importer(815301076,1909f56bfc062723c751e8b465ee728b)
Number of updated assets reloaded before import = 0
Start importing Assets/Materials/Slip.physicsMaterial2D using Guid(1ac8a55ab3f28374d9c25cf013be9791) Importer(815301076,1909f56bfc062723c751e8b465ee728b)  -> (artifact id: 'ae040f47f2bd65033a26ed42aa5e27db') in 0.010450 seconds 
Number of asset objects unloaded after import = 1
========================================================================
Received Import Request.
  Time since last request: 2.631463 seconds.
  path: Assets/Monsters Creatures Fantasy
  artifactKey: Guid(7314661d8ac135147a3c54e654040791) Importer(815301076,1909f56bfc062723c751e8b465ee728b)
Number of updated assets reloaded before import = 0
Start importing Assets/Monsters Creatures Fantasy using Guid(7314661d8ac135147a3c54e654040791) Importer(815301076,1909f56bfc062723c751e8b465ee728b)  -> (artifact id: '99d82246d38f452b5ad222b222d94b9e') in 0.008567 seconds 
Number of asset objects unloaded after import = 0
========================================================================
Received Import Request.
  Time since last request: 0.356812 seconds.
  path: Assets/Prefabs
  artifactKey: Guid(9ce0a41e786fa11449105863fccd0f9a) Importer(815301076,1909f56bfc062723c751e8b465ee728b)
Number of updated assets reloaded before import = 0
Start importing Assets/Prefabs using Guid(9ce0a41e786fa11449105863fccd0f9a) Importer(815301076,1909f56bfc062723c751e8b465ee728b)  -> (artifact id: 'a6048a5ce26c166230f61f7bc8de0fb6') in 0.009234 seconds 
Number of asset objects unloaded after import = 0
========================================================================
Received Import Request.
  Time since last request: 1.011656 seconds.
  path: Assets/Scenes
  artifactKey: Guid(3e478ace8ce8cc7449f7bcc9ab9a0c1d) Importer(815301076,1909f56bfc062723c751e8b465ee728b)
Number of updated assets reloaded before import = 0
Start importing Assets/Scenes using Guid(3e478ace8ce8cc7449f7bcc9ab9a0c1d) Importer(815301076,1909f56bfc062723c751e8b465ee728b)  -> (artifact id: '8612b560ae13bb5624a84f67bc05d482') in 0.008817 seconds 
Number of asset objects unloaded after import = 0
========================================================================
Received Import Request.
  Time since last request: 4.389310 seconds.
  path: Assets/Sprites
  artifactKey: Guid(896e998257b485146bf72c947f402047) Importer(815301076,1909f56bfc062723c751e8b465ee728b)
Number of updated assets reloaded before import = 0
Start importing Assets/Sprites using Guid(896e998257b485146bf72c947f402047) Importer(815301076,1909f56bfc062723c751e8b465ee728b)  -> (artifact id: '5845d3a9b2186207fc08eceed68f699c') in 0.002427 seconds 
Number of asset objects unloaded after import = 0
========================================================================
Received Import Request.
  Time since last request: 0.360916 seconds.
  path: Assets/TextMesh Pro
  artifactKey: Guid(f54d1bd14bd3ca042bd867b519fee8cc) Importer(815301076,1909f56bfc062723c751e8b465ee728b)
Number of updated assets reloaded before import = 0
Start importing Assets/TextMesh Pro using Guid(f54d1bd14bd3ca042bd867b519fee8cc) Importer(815301076,1909f56bfc062723c751e8b465ee728b)  -> (artifact id: '6d457b26d2bc8024e58729449d46e968') in 0.009425 seconds 
Number of asset objects unloaded after import = 0
========================================================================
Received Import Request.
  Time since last request: 1.101734 seconds.
  path: Assets/Textures
  artifactKey: Guid(2c07c021f294a804195f58543fbd2bdb) Importer(815301076,1909f56bfc062723c751e8b465ee728b)
Number of updated assets reloaded before import = 0
Start importing Assets/Textures using Guid(2c07c021f294a804195f58543fbd2bdb) Importer(815301076,1909f56bfc062723c751e8b465ee728b)  -> (artifact id: '1f4631ac44f4409376d2bea9516c6e49') in 0.010911 seconds 
Number of asset objects unloaded after import = 0
========================================================================
Received Import Request.
  Time since last request: 0.584335 seconds.
  path: Assets/Univeral RP
  artifactKey: Guid(300c8bd2e7989ea4fbdf4ad40ea64790) Importer(815301076,1909f56bfc062723c751e8b465ee728b)
Number of updated assets reloaded before import = 0
Start importing Assets/Univeral RP using Guid(300c8bd2e7989ea4fbdf4ad40ea64790) Importer(815301076,1909f56bfc062723c751e8b465ee728b)  -> (artifact id: 'e54b5d3b2db8e666807534b10af49fe1') in 0.008427 seconds 
Number of asset objects unloaded after import = 0
========================================================================
Received Import Request.
  Time since last request: 2.283574 seconds.
  path: Assets/EnemyGFX.cs
  artifactKey: Guid(17ceaf0389a03f74c8d69dd6969d0a51) Importer(815301076,1909f56bfc062723c751e8b465ee728b)
Number of updated assets reloaded before import = 0
Start importing Assets/EnemyGFX.cs using Guid(17ceaf0389a03f74c8d69dd6969d0a51) Importer(815301076,1909f56bfc062723c751e8b465ee728b)  -> (artifact id: 'adbd4a1c2b689b8944e4769bcdb542e6') in 0.014198 seconds 
Number of asset objects unloaded after import = 0
========================================================================
Received Import Request.
  Time since last request: 2.288985 seconds.
  path: Assets/Animations
  artifactKey: Guid(7d8a7c2521838ef4f9e8fab7444202b1) Importer(815301076,1909f56bfc062723c751e8b465ee728b)
Number of updated assets reloaded before import = 0
Start importing Assets/Animations using Guid(7d8a7c2521838ef4f9e8fab7444202b1) Importer(815301076,1909f56bfc062723c751e8b465ee728b)  -> (artifact id: 'c67715b51a18741078a7e316e08781e2') in 0.002083 seconds 
Number of asset objects unloaded after import = 0
========================================================================
Received Import Request.
  Time since last request: 360.732931 seconds.
  path: Assets/Scripts/Player/PlayerTeleport.cs
  artifactKey: Guid(3e974019404355549a1c7bc348a0089a) Importer(815301076,1909f56bfc062723c751e8b465ee728b)
Number of updated assets reloaded before import = 0
Start importing Assets/Scripts/Player/PlayerTeleport.cs using Guid(3e974019404355549a1c7bc348a0089a) Importer(815301076,1909f56bfc062723c751e8b465ee728b)  -> (artifact id: '3f0475ab2636be9dc2a46838d03a590e') in 0.009363 seconds 
Number of asset objects unloaded after import = 0
========================================================================
Received Import Request.
  Time since last request: 1.373024 seconds.
  path: Assets/Scripts/Player/PlayerMovement.cs
  artifactKey: Guid(778dda6bf59cc5e4e91ec0d8ea86b1a1) Importer(815301076,1909f56bfc062723c751e8b465ee728b)
Number of updated assets reloaded before import = 0
Start importing Assets/Scripts/Player/PlayerMovement.cs using Guid(778dda6bf59cc5e4e91ec0d8ea86b1a1) Importer(815301076,1909f56bfc062723c751e8b465ee728b)  -> (artifact id: 'fb91c5710a825e2e3d9bd36996afdd7d') in 0.009117 seconds 
Number of asset objects unloaded after import = 0
========================================================================
Received Import Request.
  Time since last request: 0.795842 seconds.
  path: Assets/Scripts/Player/PlayerHit2.cs
  artifactKey: Guid(8476d1cdab0f9e0438c1e9061902d9e1) Importer(815301076,1909f56bfc062723c751e8b465ee728b)
Number of updated assets reloaded before import = 0
Start importing Assets/Scripts/Player/PlayerHit2.cs using Guid(8476d1cdab0f9e0438c1e9061902d9e1) Importer(815301076,1909f56bfc062723c751e8b465ee728b)  -> (artifact id: 'b9d9f8e40f98eb94b5d4ce496805072e') in 0.008438 seconds 
Number of asset objects unloaded after import = 0
========================================================================
Received Import Request.
  Time since last request: 1.072643 seconds.
  path: Assets/Scripts/Player/PlayerHit1.cs
  artifactKey: Guid(23df09f6dc1e4ca49943a81a4bd2aaa2) Importer(815301076,1909f56bfc062723c751e8b465ee728b)
Number of updated assets reloaded before import = 0
Start importing Assets/Scripts/Player/PlayerHit1.cs using Guid(23df09f6dc1e4ca49943a81a4bd2aaa2) Importer(815301076,1909f56bfc062723c751e8b465ee728b)  -> (artifact id: 'd8c4155f986c4e4aead34055c01f1846') in 0.008916 seconds 
Number of asset objects unloaded after import = 0
========================================================================
Received Import Request.
  Time since last request: 0.626199 seconds.
  path: Assets/Scripts/Player/PlayerHit.cs
  artifactKey: Guid(ed099ea8b31e17948b230ed871f7e5ca) Importer(815301076,1909f56bfc062723c751e8b465ee728b)
Number of updated assets reloaded before import = 0
Start importing Assets/Scripts/Player/PlayerHit.cs using Guid(ed099ea8b31e17948b230ed871f7e5ca) Importer(815301076,1909f56bfc062723c751e8b465ee728b)  -> (artifact id: '93ce4d0f831822c6207c1c4f0a1cc560') in 0.009629 seconds 
Number of asset objects unloaded after import = 0
========================================================================
Received Import Request.
  Time since last request: 17.157167 seconds.
  path: Assets/Scripts/Player/PlayerRespawn.cs
  artifactKey: Guid(ea6683dd89cafcf4d8dddf60628b6636) Importer(815301076,1909f56bfc062723c751e8b465ee728b)
Number of updated assets reloaded before import = 0
Start importing Assets/Scripts/Player/PlayerRespawn.cs using Guid(ea6683dd89cafcf4d8dddf60628b6636) Importer(815301076,1909f56bfc062723c751e8b465ee728b)  -> (artifact id: '0791480f8ec0d0235e706421b594bdbd') in 0.008588 seconds 
Number of asset objects unloaded after import = 0
========================================================================
Received Prepare
Registering precompiled user dll's ...
Registered in 0.009116 seconds.
Begin MonoManager ReloadAssembly
Native extension for WindowsStandalone target not found
Refreshing native plugins compatible for Editor in 1.06 ms, found 4 plugins.
Preloading 0 native plugins for Editor in 0.00 ms.
[Package Manager] Server::EnsureServerProcessIsRunning -- launch failed, reason: Unity was launched with the -noUpm command-line argument
[Package Manager] Cannot connect to Unity Package Manager local server
Mono: successfully reloaded assembly
- Completed reload, in  1.568 seconds
Domain Reload Profiling:
	ReloadAssembly (1568ms)
		BeginReloadAssembly (165ms)
			ExecutionOrderSort (0ms)
			DisableScriptedObjects (7ms)
			BackupInstance (0ms)
			ReleaseScriptingObjects (0ms)
			CreateAndSetChildDomain (39ms)
		EndReloadAssembly (1316ms)
			LoadAssemblies (138ms)
			RebuildTransferFunctionScriptingTraits (0ms)
			SetupTypeCache (339ms)
			ReleaseScriptCaches (2ms)
			RebuildScriptCaches (55ms)
			SetupLoadedEditorAssemblies (784ms)
				LogAssemblyErrors (0ms)
				InitializePlatformSupportModulesInManaged (4ms)
				SetLoadedEditorAssemblies (0ms)
				RefreshPlugins (1ms)
				BeforeProcessingInitializeOnLoad (85ms)
				ProcessInitializeOnLoadAttributes (600ms)
				ProcessInitializeOnLoadMethodAttributes (91ms)
				AfterProcessingInitializeOnLoad (3ms)
				EditorAssembliesLoaded (0ms)
			ExecutionOrderSort2 (0ms)
			AwakeInstancesAfterBackupRestoration (8ms)
Platform modules already initialized, skipping
Refreshing native plugins compatible for Editor in 1.06 ms, found 4 plugins.
Preloading 0 native plugins for Editor in 0.00 ms.
Unloading 5503 Unused Serialized files (Serialized files now loaded: 0)
Unloading 32 unused Assets / (0.8 MB). Loaded Objects now: 6125.
Memory consumption went from 218.9 MB to 218.2 MB.
Total: 3.367500 ms (FindLiveObjects: 0.404800 ms CreateObjectMapping: 0.311000 ms MarkObjects: 2.337700 ms  DeleteObjects: 0.313300 ms)

AssetImportParameters requested are different than current active one (requested -> active):
  custom:video-decoder-ogg-theora: a1e56fd34408186e4bbccfd4996cb3dc -> 
  custom:container-muxer-webm: aa71ff27fc2769a1b78a27578f13a17b -> 
  custom:container-demuxer-webm: 4f35f7cbe854078d1ac9338744f61a02 -> 
  custom:video-encoder-webm-vp8: eb34c28f22e8b96e1ab97ce403110664 -> 
  custom:CustomObjectIndexerAttribute: 6b0e35c9178b02a6363f3721b7b8e397 -> 
  custom:audio-encoder-webm-vorbis: bf7c407c2cedff20999df2af8eb42d56 -> 
  custom:framework-win-MediaFoundation: 216162199b28c13a410421893ffa2e32 -> 
  custom:SearchIndexIgnoredProperties: e643bd26f0fe6173181afceb89e7c659 -> 
  custom:container-demuxer-ogg: 62fdf1f143b41e24485cea50d1cbac27 -> 
  custom:video-decoder-webm-vp8: 9c59270c3fd7afecdb556c50c9e8de78 -> 
  custom:audio-decoder-ogg-vorbis: bf7c407c2cedff20999df2af8eb42d56 -> 
========================================================================
Received Prepare
Registering precompiled user dll's ...
Registered in 0.007288 seconds.
Begin MonoManager ReloadAssembly
Native extension for WindowsStandalone target not found
Refreshing native plugins compatible for Editor in 1.06 ms, found 4 plugins.
Preloading 0 native plugins for Editor in 0.00 ms.
[Package Manager] Server::EnsureServerProcessIsRunning -- launch failed, reason: Unity was launched with the -noUpm command-line argument
[Package Manager] Cannot connect to Unity Package Manager local server
Mono: successfully reloaded assembly
- Completed reload, in  1.496 seconds
Domain Reload Profiling:
	ReloadAssembly (1496ms)
		BeginReloadAssembly (169ms)
			ExecutionOrderSort (0ms)
			DisableScriptedObjects (7ms)
			BackupInstance (0ms)
			ReleaseScriptingObjects (0ms)
			CreateAndSetChildDomain (40ms)
		EndReloadAssembly (1236ms)
			LoadAssemblies (130ms)
			RebuildTransferFunctionScriptingTraits (0ms)
			SetupTypeCache (276ms)
			ReleaseScriptCaches (2ms)
			RebuildScriptCaches (53ms)
			SetupLoadedEditorAssemblies (773ms)
				LogAssemblyErrors (0ms)
				InitializePlatformSupportModulesInManaged (4ms)
				SetLoadedEditorAssemblies (0ms)
				RefreshPlugins (1ms)
				BeforeProcessingInitializeOnLoad (85ms)
				ProcessInitializeOnLoadAttributes (596ms)
				ProcessInitializeOnLoadMethodAttributes (83ms)
				AfterProcessingInitializeOnLoad (3ms)
				EditorAssembliesLoaded (0ms)
			ExecutionOrderSort2 (0ms)
			AwakeInstancesAfterBackupRestoration (7ms)
Platform modules already initialized, skipping
Refreshing native plugins compatible for Editor in 2.23 ms, found 4 plugins.
Preloading 0 native plugins for Editor in 0.00 ms.
Unloading 5502 Unused Serialized files (Serialized files now loaded: 0)
Unloading 32 unused Assets / (0.8 MB). Loaded Objects now: 6140.
Memory consumption went from 218.9 MB to 218.1 MB.
Total: 4.607000 ms (FindLiveObjects: 0.511700 ms CreateObjectMapping: 0.545300 ms MarkObjects: 3.241100 ms  DeleteObjects: 0.307900 ms)

AssetImportParameters requested are different than current active one (requested -> active):
  custom:video-decoder-ogg-theora: a1e56fd34408186e4bbccfd4996cb3dc -> 
  custom:container-muxer-webm: aa71ff27fc2769a1b78a27578f13a17b -> 
  custom:container-demuxer-webm: 4f35f7cbe854078d1ac9338744f61a02 -> 
  custom:video-encoder-webm-vp8: eb34c28f22e8b96e1ab97ce403110664 -> 
  custom:CustomObjectIndexerAttribute: 6b0e35c9178b02a6363f3721b7b8e397 -> 
  custom:audio-encoder-webm-vorbis: bf7c407c2cedff20999df2af8eb42d56 -> 
  custom:framework-win-MediaFoundation: 216162199b28c13a410421893ffa2e32 -> 
  custom:SearchIndexIgnoredProperties: e643bd26f0fe6173181afceb89e7c659 -> 
  custom:container-demuxer-ogg: 62fdf1f143b41e24485cea50d1cbac27 -> 
  custom:video-decoder-webm-vp8: 9c59270c3fd7afecdb556c50c9e8de78 -> 
  custom:audio-decoder-ogg-vorbis: bf7c407c2cedff20999df2af8eb42d56 -> 
========================================================================
Received Import Request.
  Time since last request: 1067.192248 seconds.
  path: Assets/Animations/Player
  artifactKey: Guid(ad861e6b57f1cf04e93869f901119d04) Importer(815301076,1909f56bfc062723c751e8b465ee728b)
Number of updated assets reloaded before import = 0
Start importing Assets/Animations/Player using Guid(ad861e6b57f1cf04e93869f901119d04) Importer(815301076,1909f56bfc062723c751e8b465ee728b)  -> (artifact id: '79b2ba2707de4b80bf53ffd282f1bb76') in 0.029148 seconds 
Number of asset objects unloaded after import = 0
========================================================================
Received Prepare
Registering precompiled user dll's ...
Registered in 0.007901 seconds.
Begin MonoManager ReloadAssembly
Native extension for WindowsStandalone target not found
Refreshing native plugins compatible for Editor in 1.03 ms, found 4 plugins.
Preloading 0 native plugins for Editor in 0.00 ms.
[Package Manager] Server::EnsureServerProcessIsRunning -- launch failed, reason: Unity was launched with the -noUpm command-line argument
[Package Manager] Cannot connect to Unity Package Manager local server
Mono: successfully reloaded assembly
- Completed reload, in  1.502 seconds
Domain Reload Profiling:
	ReloadAssembly (1502ms)
		BeginReloadAssembly (160ms)
			ExecutionOrderSort (0ms)
			DisableScriptedObjects (7ms)
			BackupInstance (0ms)
			ReleaseScriptingObjects (0ms)
			CreateAndSetChildDomain (37ms)
		EndReloadAssembly (1251ms)
			LoadAssemblies (131ms)
			RebuildTransferFunctionScriptingTraits (0ms)
			SetupTypeCache (278ms)
			ReleaseScriptCaches (2ms)
			RebuildScriptCaches (52ms)
			SetupLoadedEditorAssemblies (790ms)
				LogAssemblyErrors (0ms)
				InitializePlatformSupportModulesInManaged (4ms)
				SetLoadedEditorAssemblies (0ms)
				RefreshPlugins (1ms)
				BeforeProcessingInitializeOnLoad (85ms)
				ProcessInitializeOnLoadAttributes (613ms)
				ProcessInitializeOnLoadMethodAttributes (84ms)
				AfterProcessingInitializeOnLoad (3ms)
				EditorAssembliesLoaded (0ms)
			ExecutionOrderSort2 (0ms)
			AwakeInstancesAfterBackupRestoration (8ms)
Platform modules already initialized, skipping
Refreshing native plugins compatible for Editor in 1.15 ms, found 4 plugins.
Preloading 0 native plugins for Editor in 0.00 ms.
Unloading 5502 Unused Serialized files (Serialized files now loaded: 0)
Unloading 32 unused Assets / (0.7 MB). Loaded Objects now: 6155.
Memory consumption went from 218.9 MB to 218.1 MB.
Total: 3.174200 ms (FindLiveObjects: 0.361800 ms CreateObjectMapping: 0.342600 ms MarkObjects: 2.203200 ms  DeleteObjects: 0.265700 ms)

AssetImportParameters requested are different than current active one (requested -> active):
  custom:video-decoder-ogg-theora: a1e56fd34408186e4bbccfd4996cb3dc -> 
  custom:container-muxer-webm: aa71ff27fc2769a1b78a27578f13a17b -> 
  custom:container-demuxer-webm: 4f35f7cbe854078d1ac9338744f61a02 -> 
  custom:video-encoder-webm-vp8: eb34c28f22e8b96e1ab97ce403110664 -> 
  custom:CustomObjectIndexerAttribute: 6b0e35c9178b02a6363f3721b7b8e397 -> 
  custom:audio-encoder-webm-vorbis: bf7c407c2cedff20999df2af8eb42d56 -> 
  custom:framework-win-MediaFoundation: 216162199b28c13a410421893ffa2e32 -> 
  custom:SearchIndexIgnoredProperties: e643bd26f0fe6173181afceb89e7c659 -> 
  custom:container-demuxer-ogg: 62fdf1f143b41e24485cea50d1cbac27 -> 
  custom:video-decoder-webm-vp8: 9c59270c3fd7afecdb556c50c9e8de78 -> 
  custom:audio-decoder-ogg-vorbis: bf7c407c2cedff20999df2af8eb42d56 -> 
========================================================================
Received Import Request.
  Time since last request: 81.862829 seconds.
  path: Assets/Animations/Player/Player.controller
  artifactKey: Guid(47db695d82c86ad41a33a28bb5bad569) Importer(815301076,1909f56bfc062723c751e8b465ee728b)
Number of updated assets reloaded before import = 0
Start importing Assets/Animations/Player/Player.controller using Guid(47db695d82c86ad41a33a28bb5bad569) Importer(815301076,1909f56bfc062723c751e8b465ee728b)  -> (artifact id: '840af10bc77bedf6943a0531d87599e3') in 0.036675 seconds 
Number of asset objects unloaded after import = 43
========================================================================
Received Import Request.
  Time since last request: 1134.093955 seconds.
  path: ProjectSettings/TagManager.asset
  artifactKey: Guid(00000000000000003000000000000000) Importer(815301076,1909f56bfc062723c751e8b465ee728b)
Number of updated assets reloaded before import = 0
Start importing ProjectSettings/TagManager.asset using Guid(00000000000000003000000000000000) Importer(815301076,1909f56bfc062723c751e8b465ee728b)  -> (artifact id: '122921a70e330ef627a4bcb885fafc5a') in 0.013282 seconds 
Number of asset objects unloaded after import = 0
========================================================================
Received Import Request.
  Time since last request: 917.947670 seconds.
  path: Assets/Scripts/Enemy3
  artifactKey: Guid(3b9bec82f5495aa48b7d3842e1e94dc4) Importer(815301076,1909f56bfc062723c751e8b465ee728b)
Number of updated assets reloaded before import = 0
Start importing Assets/Scripts/Enemy3 using Guid(3b9bec82f5495aa48b7d3842e1e94dc4) Importer(815301076,1909f56bfc062723c751e8b465ee728b)  -> (artifact id: '1780c267ec1fdb8f68854e2451b6a118') in 0.009715 seconds 
Number of asset objects unloaded after import = 0
========================================================================
Received Import Request.
  Time since last request: 0.597245 seconds.
  path: Assets/Scripts/Enemy2
  artifactKey: Guid(0015850314ab1a54eb5d5920bcf7d494) Importer(815301076,1909f56bfc062723c751e8b465ee728b)
Number of updated assets reloaded before import = 0
Start importing Assets/Scripts/Enemy2 using Guid(0015850314ab1a54eb5d5920bcf7d494) Importer(815301076,1909f56bfc062723c751e8b465ee728b)  -> (artifact id: '525353badd6d1c7f3a24df7c091f3cb4') in 0.009200 seconds 
Number of asset objects unloaded after import = 0
========================================================================
Received Import Request.
  Time since last request: 0.814197 seconds.
  path: Assets/Scripts/Enemy1
  artifactKey: Guid(b264006d4a5aefe4199c229888c89f75) Importer(815301076,1909f56bfc062723c751e8b465ee728b)
Number of updated assets reloaded before import = 0
Start importing Assets/Scripts/Enemy1 using Guid(b264006d4a5aefe4199c229888c89f75) Importer(815301076,1909f56bfc062723c751e8b465ee728b)  -> (artifact id: '9f3e98ee8c17bc57c0ff6b7cd5087069') in 0.010277 seconds 
Number of asset objects unloaded after import = 0
========================================================================
Received Import Request.
  Time since last request: 228.544901 seconds.
  path: Assets/Scenes/MainScene
  artifactKey: Guid(df12a752d46e47444be89dec5d43b26a) Importer(815301076,1909f56bfc062723c751e8b465ee728b)
Number of updated assets reloaded before import = 0
Start importing Assets/Scenes/MainScene using Guid(df12a752d46e47444be89dec5d43b26a) Importer(815301076,1909f56bfc062723c751e8b465ee728b)  -> (artifact id: '6a8eaab3c115ec12e245a75e7b220b79') in 0.011492 seconds 
Number of asset objects unloaded after import = 0
========================================================================
Received Import Request.
  Time since last request: 14.160820 seconds.
  path: Assets/Scripts/Player/PlayerRespawn.cs
  artifactKey: Guid(ea6683dd89cafcf4d8dddf60628b6636) Importer(815301076,1909f56bfc062723c751e8b465ee728b)
Number of updated assets reloaded before import = 0
Start importing Assets/Scripts/Player/PlayerRespawn.cs using Guid(ea6683dd89cafcf4d8dddf60628b6636) Importer(815301076,1909f56bfc062723c751e8b465ee728b)  -> (artifact id: 'e76ac7b18e68630a00fb04c30f6d37ce') in 0.002214 seconds 
Number of asset objects unloaded after import = 0
========================================================================
Received Import Request.
  Time since last request: 78.972168 seconds.
  path: Assets/Scripts/Health/HealthPotion.cs
  artifactKey: Guid(90c8d145ac3afe04a9cc32f86be46376) Importer(815301076,1909f56bfc062723c751e8b465ee728b)
Number of updated assets reloaded before import = 0
Start importing Assets/Scripts/Health/HealthPotion.cs using Guid(90c8d145ac3afe04a9cc32f86be46376) Importer(815301076,1909f56bfc062723c751e8b465ee728b)  -> (artifact id: '8b638952152cfde9237c716b47ca5da6') in 0.010444 seconds 
Number of asset objects unloaded after import = 0
========================================================================
Received Import Request.
  Time since last request: 1.100510 seconds.
  path: Assets/Scripts/Health/HealthBar.cs
  artifactKey: Guid(c7225373204e6f24dad2a31661ea7038) Importer(815301076,1909f56bfc062723c751e8b465ee728b)
Number of updated assets reloaded before import = 0
Start importing Assets/Scripts/Health/HealthBar.cs using Guid(c7225373204e6f24dad2a31661ea7038) Importer(815301076,1909f56bfc062723c751e8b465ee728b)  -> (artifact id: '8067726ee4c5314d3d95a9ba35e795fa') in 0.009762 seconds 
Number of asset objects unloaded after import = 0
========================================================================
Received Import Request.
  Time since last request: 2.024726 seconds.
  path: Assets/Scripts/Health/Health.cs
  artifactKey: Guid(1bb6313b31b93db4895072b1d9d56c35) Importer(815301076,1909f56bfc062723c751e8b465ee728b)
Number of updated assets reloaded before import = 0
Start importing Assets/Scripts/Health/Health.cs using Guid(1bb6313b31b93db4895072b1d9d56c35) Importer(815301076,1909f56bfc062723c751e8b465ee728b)  -> (artifact id: 'b70b72e45f09e9b8cca3299e4b0bd2c7') in 0.009262 seconds 
Number of asset objects unloaded after import = 0
========================================================================
Received Import Request.
  Time since last request: 578.219898 seconds.
  path: Assets/Prefabs/Player.prefab
  artifactKey: Guid(487b0f900732a3b4992d2a5f1bb2baa9) Importer(815301076,1909f56bfc062723c751e8b465ee728b)
Number of updated assets reloaded before import = 0
Start importing Assets/Prefabs/Player.prefab using Guid(487b0f900732a3b4992d2a5f1bb2baa9) Importer(815301076,1909f56bfc062723c751e8b465ee728b)  -> (artifact id: '55c8e513b82d6500db3ce6464f895b14') in 0.296296 seconds 
Number of asset objects unloaded after import = 131
========================================================================
Received Import Request.
  Time since last request: 1.154505 seconds.
  path: Assets/Prefabs/HealthPotions
  artifactKey: Guid(de8545f3125706749baf65e802a1e7ff) Importer(815301076,1909f56bfc062723c751e8b465ee728b)
Number of updated assets reloaded before import = 0
Start importing Assets/Prefabs/HealthPotions using Guid(de8545f3125706749baf65e802a1e7ff) Importer(815301076,1909f56bfc062723c751e8b465ee728b)  -> (artifact id: 'd39dba93d5bb2fa127690bfe91c577eb') in 0.010202 seconds 
Number of asset objects unloaded after import = 0
========================================================================
Received Import Request.
  Time since last request: 8.470417 seconds.
  path: Assets/Prefabs/Collectables
  artifactKey: Guid(de8545f3125706749baf65e802a1e7ff) Importer(815301076,1909f56bfc062723c751e8b465ee728b)
Number of updated assets reloaded before import = 0
Start importing Assets/Prefabs/Collectables using Guid(de8545f3125706749baf65e802a1e7ff) Importer(815301076,1909f56bfc062723c751e8b465ee728b)  -> (artifact id: '34f29b353fdaa5e1f89ccf8b0e03bc53') in 0.008839 seconds 
Number of asset objects unloaded after import = 0
========================================================================
Received Import Request.
  Time since last request: 1.614507 seconds.
  path: Assets/Prefabs/Collectables/HealthPotions.prefab
  artifactKey: Guid(512a8a7798332354f91b65e6fb90d42d) Importer(815301076,1909f56bfc062723c751e8b465ee728b)
Number of updated assets reloaded before import = 0
Start importing Assets/Prefabs/Collectables/HealthPotions.prefab using Guid(512a8a7798332354f91b65e6fb90d42d) Importer(815301076,1909f56bfc062723c751e8b465ee728b)  -> (artifact id: '205b96f776a5399b54bcd81bd8fe4f26') in 0.014503 seconds 
Number of asset objects unloaded after import = 17
========================================================================
Received Import Request.
  Time since last request: 3.776945 seconds.
  path: Assets/Prefabs/Collectables/CheckPoint (Invisible SPAWN AT DOOR).prefab
  artifactKey: Guid(3540fd3bf1ac7d741b4d0c23097abc4e) Importer(815301076,1909f56bfc062723c751e8b465ee728b)
Number of updated assets reloaded before import = 0
Start importing Assets/Prefabs/Collectables/CheckPoint (Invisible SPAWN AT DOOR).prefab using Guid(3540fd3bf1ac7d741b4d0c23097abc4e) Importer(815301076,1909f56bfc062723c751e8b465ee728b)  -> (artifact id: '28a75086862253f5565e090b924cad44') in 0.010631 seconds 
Number of asset objects unloaded after import = 5
========================================================================
Received Import Request.
  Time since last request: 1016.797956 seconds.
  path: Assets/Scripts/Player/PlayerRespawn.cs
  artifactKey: Guid(ea6683dd89cafcf4d8dddf60628b6636) Importer(815301076,1909f56bfc062723c751e8b465ee728b)
Number of updated assets reloaded before import = 0
Start importing Assets/Scripts/Player/PlayerRespawn.cs using Guid(ea6683dd89cafcf4d8dddf60628b6636) Importer(815301076,1909f56bfc062723c751e8b465ee728b)  -> (artifact id: '54290e0f3112d55e6f19cdacaf82ef59') in 0.002358 seconds 
Number of asset objects unloaded after import = 0
========================================================================
Received Prepare
Registering precompiled user dll's ...
Registered in 0.008108 seconds.
Begin MonoManager ReloadAssembly
Native extension for WindowsStandalone target not found
Refreshing native plugins compatible for Editor in 1.75 ms, found 4 plugins.
Preloading 0 native plugins for Editor in 0.00 ms.
[Package Manager] Server::EnsureServerProcessIsRunning -- launch failed, reason: Unity was launched with the -noUpm command-line argument
[Package Manager] Cannot connect to Unity Package Manager local server
Mono: successfully reloaded assembly
- Completed reload, in  1.632 seconds
Domain Reload Profiling:
	ReloadAssembly (1632ms)
		BeginReloadAssembly (230ms)
			ExecutionOrderSort (0ms)
			DisableScriptedObjects (17ms)
			BackupInstance (0ms)
			ReleaseScriptingObjects (0ms)
			CreateAndSetChildDomain (79ms)
		EndReloadAssembly (1311ms)
			LoadAssemblies (146ms)
			RebuildTransferFunctionScriptingTraits (0ms)
			SetupTypeCache (301ms)
			ReleaseScriptCaches (2ms)
			RebuildScriptCaches (63ms)
			SetupLoadedEditorAssemblies (781ms)
				LogAssemblyErrors (0ms)
				InitializePlatformSupportModulesInManaged (5ms)
				SetLoadedEditorAssemblies (1ms)
				RefreshPlugins (2ms)
				BeforeProcessingInitializeOnLoad (91ms)
				ProcessInitializeOnLoadAttributes (595ms)
				ProcessInitializeOnLoadMethodAttributes (85ms)
				AfterProcessingInitializeOnLoad (2ms)
				EditorAssembliesLoaded (0ms)
			ExecutionOrderSort2 (0ms)
			AwakeInstancesAfterBackupRestoration (11ms)
Platform modules already initialized, skipping
Refreshing native plugins compatible for Editor in 1.04 ms, found 4 plugins.
Preloading 0 native plugins for Editor in 0.00 ms.
Unloading 5509 Unused Serialized files (Serialized files now loaded: 0)
Unloading 47 unused Assets / (377.9 KB). Loaded Objects now: 6231.
Memory consumption went from 228.2 MB to 227.8 MB.
Total: 4.692500 ms (FindLiveObjects: 0.499400 ms CreateObjectMapping: 0.487200 ms MarkObjects: 3.591200 ms  DeleteObjects: 0.113700 ms)

AssetImportParameters requested are different than current active one (requested -> active):
  custom:video-decoder-ogg-theora: a1e56fd34408186e4bbccfd4996cb3dc -> 
  custom:container-muxer-webm: aa71ff27fc2769a1b78a27578f13a17b -> 
  custom:container-demuxer-webm: 4f35f7cbe854078d1ac9338744f61a02 -> 
  custom:video-encoder-webm-vp8: eb34c28f22e8b96e1ab97ce403110664 -> 
  custom:CustomObjectIndexerAttribute: 6b0e35c9178b02a6363f3721b7b8e397 -> 
  custom:audio-encoder-webm-vorbis: bf7c407c2cedff20999df2af8eb42d56 -> 
  custom:framework-win-MediaFoundation: 216162199b28c13a410421893ffa2e32 -> 
  custom:SearchIndexIgnoredProperties: e643bd26f0fe6173181afceb89e7c659 -> 
  custom:container-demuxer-ogg: 62fdf1f143b41e24485cea50d1cbac27 -> 
  custom:video-decoder-webm-vp8: 9c59270c3fd7afecdb556c50c9e8de78 -> 
  custom:audio-decoder-ogg-vorbis: bf7c407c2cedff20999df2af8eb42d56 -> 
========================================================================
Received Prepare
Registering precompiled user dll's ...
Registered in 0.008279 seconds.
Begin MonoManager ReloadAssembly
Native extension for WindowsStandalone target not found
Refreshing native plugins compatible for Editor in 1.71 ms, found 4 plugins.
Preloading 0 native plugins for Editor in 0.00 ms.
[Package Manager] Server::EnsureServerProcessIsRunning -- launch failed, reason: Unity was launched with the -noUpm command-line argument
[Package Manager] Cannot connect to Unity Package Manager local server
Mono: successfully reloaded assembly
- Completed reload, in  1.636 seconds
Domain Reload Profiling:
	ReloadAssembly (1637ms)
		BeginReloadAssembly (164ms)
			ExecutionOrderSort (0ms)
			DisableScriptedObjects (6ms)
			BackupInstance (0ms)
			ReleaseScriptingObjects (0ms)
			CreateAndSetChildDomain (34ms)
		EndReloadAssembly (1386ms)
			LoadAssemblies (138ms)
			RebuildTransferFunctionScriptingTraits (0ms)
			SetupTypeCache (272ms)
			ReleaseScriptCaches (2ms)
			RebuildScriptCaches (66ms)
			SetupLoadedEditorAssemblies (872ms)
				LogAssemblyErrors (0ms)
				InitializePlatformSupportModulesInManaged (5ms)
				SetLoadedEditorAssemblies (1ms)
				RefreshPlugins (2ms)
				BeforeProcessingInitializeOnLoad (105ms)
				ProcessInitializeOnLoadAttributes (651ms)
				ProcessInitializeOnLoadMethodAttributes (103ms)
				AfterProcessingInitializeOnLoad (4ms)
				EditorAssembliesLoaded (0ms)
			ExecutionOrderSort2 (0ms)
			AwakeInstancesAfterBackupRestoration (14ms)
Platform modules already initialized, skipping
Refreshing native plugins compatible for Editor in 1.05 ms, found 4 plugins.
Preloading 0 native plugins for Editor in 0.00 ms.
Unloading 5499 Unused Serialized files (Serialized files now loaded: 0)
Unloading 29 unused Assets / (378.9 KB). Loaded Objects now: 6246.
Memory consumption went from 227.2 MB to 226.9 MB.
Total: 3.219700 ms (FindLiveObjects: 0.409800 ms CreateObjectMapping: 0.365600 ms MarkObjects: 2.371100 ms  DeleteObjects: 0.072400 ms)

AssetImportParameters requested are different than current active one (requested -> active):
  custom:video-decoder-ogg-theora: a1e56fd34408186e4bbccfd4996cb3dc -> 
  custom:container-muxer-webm: aa71ff27fc2769a1b78a27578f13a17b -> 
  custom:container-demuxer-webm: 4f35f7cbe854078d1ac9338744f61a02 -> 
  custom:video-encoder-webm-vp8: eb34c28f22e8b96e1ab97ce403110664 -> 
  custom:CustomObjectIndexerAttribute: 6b0e35c9178b02a6363f3721b7b8e397 -> 
  custom:audio-encoder-webm-vorbis: bf7c407c2cedff20999df2af8eb42d56 -> 
  custom:framework-win-MediaFoundation: 216162199b28c13a410421893ffa2e32 -> 
  custom:SearchIndexIgnoredProperties: e643bd26f0fe6173181afceb89e7c659 -> 
  custom:container-demuxer-ogg: 62fdf1f143b41e24485cea50d1cbac27 -> 
  custom:video-decoder-webm-vp8: 9c59270c3fd7afecdb556c50c9e8de78 -> 
  custom:audio-decoder-ogg-vorbis: bf7c407c2cedff20999df2af8eb42d56 -> 
========================================================================
Received Prepare
Registering precompiled user dll's ...
Registered in 0.008254 seconds.
Begin MonoManager ReloadAssembly
Native extension for WindowsStandalone target not found
Refreshing native plugins compatible for Editor in 1.07 ms, found 4 plugins.
Preloading 0 native plugins for Editor in 0.00 ms.
[Package Manager] Server::EnsureServerProcessIsRunning -- launch failed, reason: Unity was launched with the -noUpm command-line argument
[Package Manager] Cannot connect to Unity Package Manager local server
Mono: successfully reloaded assembly
- Completed reload, in  1.573 seconds
Domain Reload Profiling:
	ReloadAssembly (1573ms)
		BeginReloadAssembly (164ms)
			ExecutionOrderSort (0ms)
			DisableScriptedObjects (8ms)
			BackupInstance (0ms)
			ReleaseScriptingObjects (0ms)
			CreateAndSetChildDomain (38ms)
		EndReloadAssembly (1316ms)
			LoadAssemblies (129ms)
			RebuildTransferFunctionScriptingTraits (0ms)
			SetupTypeCache (271ms)
			ReleaseScriptCaches (2ms)
			RebuildScriptCaches (63ms)
			SetupLoadedEditorAssemblies (829ms)
				LogAssemblyErrors (0ms)
				InitializePlatformSupportModulesInManaged (4ms)
				SetLoadedEditorAssemblies (0ms)
				RefreshPlugins (1ms)
				BeforeProcessingInitializeOnLoad (101ms)
				ProcessInitializeOnLoadAttributes (635ms)
				ProcessInitializeOnLoadMethodAttributes (84ms)
				AfterProcessingInitializeOnLoad (2ms)
				EditorAssembliesLoaded (0ms)
			ExecutionOrderSort2 (0ms)
			AwakeInstancesAfterBackupRestoration (12ms)
Platform modules already initialized, skipping
Refreshing native plugins compatible for Editor in 1.07 ms, found 4 plugins.
Preloading 0 native plugins for Editor in 0.00 ms.
Unloading 5499 Unused Serialized files (Serialized files now loaded: 0)
Unloading 29 unused Assets / (377.9 KB). Loaded Objects now: 6261.
Memory consumption went from 227.2 MB to 226.9 MB.
Total: 3.169900 ms (FindLiveObjects: 0.451000 ms CreateObjectMapping: 0.430200 ms MarkObjects: 2.214100 ms  DeleteObjects: 0.073900 ms)

AssetImportParameters requested are different than current active one (requested -> active):
  custom:video-decoder-ogg-theora: a1e56fd34408186e4bbccfd4996cb3dc -> 
  custom:container-muxer-webm: aa71ff27fc2769a1b78a27578f13a17b -> 
  custom:container-demuxer-webm: 4f35f7cbe854078d1ac9338744f61a02 -> 
  custom:video-encoder-webm-vp8: eb34c28f22e8b96e1ab97ce403110664 -> 
  custom:CustomObjectIndexerAttribute: 6b0e35c9178b02a6363f3721b7b8e397 -> 
  custom:audio-encoder-webm-vorbis: bf7c407c2cedff20999df2af8eb42d56 -> 
  custom:framework-win-MediaFoundation: 216162199b28c13a410421893ffa2e32 -> 
  custom:SearchIndexIgnoredProperties: e643bd26f0fe6173181afceb89e7c659 -> 
  custom:container-demuxer-ogg: 62fdf1f143b41e24485cea50d1cbac27 -> 
  custom:video-decoder-webm-vp8: 9c59270c3fd7afecdb556c50c9e8de78 -> 
  custom:audio-decoder-ogg-vorbis: bf7c407c2cedff20999df2af8eb42d56 -> 
========================================================================
Received Prepare
Registering precompiled user dll's ...
Registered in 0.007086 seconds.
Begin MonoManager ReloadAssembly
Native extension for WindowsStandalone target not found
Refreshing native plugins compatible for Editor in 1.05 ms, found 4 plugins.
Preloading 0 native plugins for Editor in 0.00 ms.
[Package Manager] Server::EnsureServerProcessIsRunning -- launch failed, reason: Unity was launched with the -noUpm command-line argument
[Package Manager] Cannot connect to Unity Package Manager local server
Mono: successfully reloaded assembly
- Completed reload, in  1.581 seconds
Domain Reload Profiling:
	ReloadAssembly (1582ms)
		BeginReloadAssembly (160ms)
			ExecutionOrderSort (0ms)
			DisableScriptedObjects (7ms)
			BackupInstance (0ms)
			ReleaseScriptingObjects (0ms)
			CreateAndSetChildDomain (35ms)
		EndReloadAssembly (1330ms)
			LoadAssemblies (132ms)
			RebuildTransferFunctionScriptingTraits (0ms)
			SetupTypeCache (296ms)
			ReleaseScriptCaches (2ms)
			RebuildScriptCaches (61ms)
			SetupLoadedEditorAssemblies (816ms)
				LogAssemblyErrors (0ms)
				InitializePlatformSupportModulesInManaged (4ms)
				SetLoadedEditorAssemblies (0ms)
				RefreshPlugins (1ms)
				BeforeProcessingInitializeOnLoad (101ms)
				ProcessInitializeOnLoadAttributes (627ms)
				ProcessInitializeOnLoadMethodAttributes (81ms)
				AfterProcessingInitializeOnLoad (2ms)
				EditorAssembliesLoaded (0ms)
			ExecutionOrderSort2 (0ms)
			AwakeInstancesAfterBackupRestoration (12ms)
Platform modules already initialized, skipping
Refreshing native plugins compatible for Editor in 1.10 ms, found 4 plugins.
Preloading 0 native plugins for Editor in 0.00 ms.
Unloading 5499 Unused Serialized files (Serialized files now loaded: 0)
Unloading 29 unused Assets / (378.0 KB). Loaded Objects now: 6276.
Memory consumption went from 227.3 MB to 226.9 MB.
Total: 2.949900 ms (FindLiveObjects: 0.377700 ms CreateObjectMapping: 0.346000 ms MarkObjects: 2.160700 ms  DeleteObjects: 0.064800 ms)

AssetImportParameters requested are different than current active one (requested -> active):
  custom:video-decoder-ogg-theora: a1e56fd34408186e4bbccfd4996cb3dc -> 
  custom:container-muxer-webm: aa71ff27fc2769a1b78a27578f13a17b -> 
  custom:container-demuxer-webm: 4f35f7cbe854078d1ac9338744f61a02 -> 
  custom:video-encoder-webm-vp8: eb34c28f22e8b96e1ab97ce403110664 -> 
  custom:CustomObjectIndexerAttribute: 6b0e35c9178b02a6363f3721b7b8e397 -> 
  custom:audio-encoder-webm-vorbis: bf7c407c2cedff20999df2af8eb42d56 -> 
  custom:framework-win-MediaFoundation: 216162199b28c13a410421893ffa2e32 -> 
  custom:SearchIndexIgnoredProperties: e643bd26f0fe6173181afceb89e7c659 -> 
  custom:container-demuxer-ogg: 62fdf1f143b41e24485cea50d1cbac27 -> 
  custom:video-decoder-webm-vp8: 9c59270c3fd7afecdb556c50c9e8de78 -> 
  custom:audio-decoder-ogg-vorbis: bf7c407c2cedff20999df2af8eb42d56 -> 
