Using pre-set license
Built from '2021.3/staging' branch; Version is '2021.3.36f1 (7a0645017be0) revision 7996997'; Using compiler version '192829333'; Build Type 'Release'
OS: 'Windows 10  (10.0.19045) 64bit Core' Language: 'en' Physical Memory: 16309 MB
BatchMode: 1, IsHumanControllingUs: 0, StartBugReporterOnCrash: 0, Is64bit: 1, IsPro: 1

COMMAND LINE ARGUMENTS:
C:\Program Files\Unity\Hub\Editor\2021.3.36f1\Editor\Unity.exe
-adb2
-batchMode
-noUpm
-name
AssetImportWorker1
-projectPath
C:/Users/jude/OneDrive/Documents/Unemployment King VII
-logFile
Logs/AssetImportWorker1.log
-srvPort
2416
Successfully changed project path to: C:/Users/jude/OneDrive/Documents/Unemployment King VII
C:/Users/jude/OneDrive/Documents/Unemployment King VII
[UnityMemory] Configuration Parameters - Can be set up in boot.config
    "memorysetup-bucket-allocator-granularity=16"
    "memorysetup-bucket-allocator-bucket-count=8"
    "memorysetup-bucket-allocator-block-size=33554432"
    "memorysetup-bucket-allocator-block-count=8"
    "memorysetup-main-allocator-block-size=16777216"
    "memorysetup-thread-allocator-block-size=16777216"
    "memorysetup-gfx-main-allocator-block-size=16777216"
    "memorysetup-gfx-thread-allocator-block-size=16777216"
    "memorysetup-cache-allocator-block-size=4194304"
    "memorysetup-typetree-allocator-block-size=2097152"
    "memorysetup-profiler-bucket-allocator-granularity=16"
    "memorysetup-profiler-bucket-allocator-bucket-count=8"
    "memorysetup-profiler-bucket-allocator-block-size=33554432"
    "memorysetup-profiler-bucket-allocator-block-count=8"
    "memorysetup-profiler-allocator-block-size=16777216"
    "memorysetup-profiler-editor-allocator-block-size=1048576"
    "memorysetup-temp-allocator-size-main=16777216"
    "memorysetup-job-temp-allocator-block-size=2097152"
    "memorysetup-job-temp-allocator-block-size-background=1048576"
    "memorysetup-job-temp-allocator-reduction-small-platforms=262144"
    "memorysetup-temp-allocator-size-background-worker=32768"
    "memorysetup-temp-allocator-size-job-worker=262144"
    "memorysetup-temp-allocator-size-preload-manager=33554432"
    "memorysetup-temp-allocator-size-nav-mesh-worker=65536"
    "memorysetup-temp-allocator-size-audio-worker=65536"
    "memorysetup-temp-allocator-size-cloud-worker=32768"
    "memorysetup-temp-allocator-size-gi-baking-worker=262144"
    "memorysetup-temp-allocator-size-gfx=262144"
Player connection [29160] Host "[IP] 192.168.3.28 [Port] 0 [Flags] 2 [Guid] 4199274125 [EditorId] 4199274125 [Version] 1048832 [Id] WindowsEditor(7,Jude) [Debug] 1 [PackageName] WindowsEditor [ProjectName] Editor" joined multi-casting on [225.0.0.222:54997]...

Player connection [29160] Host "[IP] 192.168.3.28 [Port] 0 [Flags] 2 [Guid] 4199274125 [EditorId] 4199274125 [Version] 1048832 [Id] WindowsEditor(7,Jude) [Debug] 1 [PackageName] WindowsEditor [ProjectName] Editor" joined alternative multi-casting on [225.0.0.222:34997]...

[Physics::Module] Initialized MultithreadedJobDispatcher with {0} workers.
Refreshing native plugins compatible for Editor in 99.30 ms, found 4 plugins.
Preloading 0 native plugins for Editor in 0.00 ms.
Initialize engine version: 2021.3.36f1 (7a0645017be0)
[Subsystems] Discovering subsystems at path C:/Program Files/Unity/Hub/Editor/2021.3.36f1/Editor/Data/Resources/UnitySubsystems
[Subsystems] Discovering subsystems at path C:/Users/jude/OneDrive/Documents/Unemployment King VII/Assets
GfxDevice: creating device client; threaded=0; jobified=0
Direct3D:
    Version:  Direct3D 11.0 [level 11.1]
    Renderer: NVIDIA GeForce RTX 3060 Ti (ID=0x2486)
    Vendor:   NVIDIA
    VRAM:     8024 MB
    Driver:   32.0.15.6636
Initialize mono
Mono path[0] = 'C:/Program Files/Unity/Hub/Editor/2021.3.36f1/Editor/Data/Managed'
Mono path[1] = 'C:/Program Files/Unity/Hub/Editor/2021.3.36f1/Editor/Data/MonoBleedingEdge/lib/mono/unityjit-win32'
Mono config path = 'C:/Program Files/Unity/Hub/Editor/2021.3.36f1/Editor/Data/MonoBleedingEdge/etc'
Using monoOptions --debugger-agent=transport=dt_socket,embedding=1,server=y,suspend=n,address=127.0.0.1:56156
Begin MonoManager ReloadAssembly
Registering precompiled unity dll's ...
Register platform support module: C:/Program Files/Unity/Hub/Editor/2021.3.36f1/Editor/Data/PlaybackEngines/WindowsStandaloneSupport/UnityEditor.WindowsStandalone.Extensions.dll
Registered in 0.044108 seconds.
Native extension for WindowsStandalone target not found
Refreshing native plugins compatible for Editor in 98.41 ms, found 4 plugins.
Preloading 0 native plugins for Editor in 0.00 ms.
Mono: successfully reloaded assembly
- Completed reload, in  0.958 seconds
Domain Reload Profiling:
	ReloadAssembly (959ms)
		BeginReloadAssembly (199ms)
			ExecutionOrderSort (0ms)
			DisableScriptedObjects (0ms)
			BackupInstance (0ms)
			ReleaseScriptingObjects (0ms)
			CreateAndSetChildDomain (1ms)
		EndReloadAssembly (551ms)
			LoadAssemblies (185ms)
			RebuildTransferFunctionScriptingTraits (0ms)
			SetupTypeCache (117ms)
			ReleaseScriptCaches (0ms)
			RebuildScriptCaches (33ms)
			SetupLoadedEditorAssemblies (324ms)
				LogAssemblyErrors (0ms)
				InitializePlatformSupportModulesInManaged (18ms)
				SetLoadedEditorAssemblies (0ms)
				RefreshPlugins (99ms)
				BeforeProcessingInitializeOnLoad (1ms)
				ProcessInitializeOnLoadAttributes (156ms)
				ProcessInitializeOnLoadMethodAttributes (51ms)
				AfterProcessingInitializeOnLoad (0ms)
				EditorAssembliesLoaded (0ms)
			ExecutionOrderSort2 (0ms)
			AwakeInstancesAfterBackupRestoration (0ms)
Platform modules already initialized, skipping
Registering precompiled user dll's ...
Registered in 0.029040 seconds.
Begin MonoManager ReloadAssembly
Native extension for WindowsStandalone target not found
Refreshing native plugins compatible for Editor in 102.55 ms, found 4 plugins.
Preloading 0 native plugins for Editor in 0.00 ms.
Package Manager log level set to [2]
[Package Manager] Server::EnsureServerProcessIsRunning -- launch failed, reason: Unity was launched with the -noUpm command-line argument
[Package Manager] Cannot connect to Unity Package Manager local server
Mono: successfully reloaded assembly
- Completed reload, in  2.230 seconds
Domain Reload Profiling:
	ReloadAssembly (2231ms)
		BeginReloadAssembly (257ms)
			ExecutionOrderSort (0ms)
			DisableScriptedObjects (5ms)
			BackupInstance (0ms)
			ReleaseScriptingObjects (0ms)
			CreateAndSetChildDomain (28ms)
		EndReloadAssembly (1790ms)
			LoadAssemblies (252ms)
			RebuildTransferFunctionScriptingTraits (0ms)
			SetupTypeCache (400ms)
			ReleaseScriptCaches (1ms)
			RebuildScriptCaches (67ms)
			SetupLoadedEditorAssemblies (1082ms)
				LogAssemblyErrors (0ms)
				InitializePlatformSupportModulesInManaged (14ms)
				SetLoadedEditorAssemblies (0ms)
				RefreshPlugins (103ms)
				BeforeProcessingInitializeOnLoad (199ms)
				ProcessInitializeOnLoadAttributes (683ms)
				ProcessInitializeOnLoadMethodAttributes (40ms)
				AfterProcessingInitializeOnLoad (43ms)
				EditorAssembliesLoaded (0ms)
			ExecutionOrderSort2 (0ms)
			AwakeInstancesAfterBackupRestoration (8ms)
Platform modules already initialized, skipping
========================================================================
Worker process is ready to serve import requests
Launched and connected shader compiler UnityShaderCompiler.exe after 0.08 seconds
Refreshing native plugins compatible for Editor in 0.95 ms, found 4 plugins.
Preloading 0 native plugins for Editor in 0.00 ms.
Unloading 3994 Unused Serialized files (Serialized files now loaded: 0)
Unloading 49 unused Assets / (119.6 KB). Loaded Objects now: 4450.
Memory consumption went from 153.1 MB to 153.0 MB.
Total: 4.296900 ms (FindLiveObjects: 0.712000 ms CreateObjectMapping: 0.105600 ms MarkObjects: 3.359400 ms  DeleteObjects: 0.118600 ms)

AssetImportParameters requested are different than current active one (requested -> active):
  custom:video-decoder-ogg-theora: a1e56fd34408186e4bbccfd4996cb3dc -> 
  custom:container-muxer-webm: aa71ff27fc2769a1b78a27578f13a17b -> 
  custom:container-demuxer-webm: 4f35f7cbe854078d1ac9338744f61a02 -> 
  custom:video-encoder-webm-vp8: eb34c28f22e8b96e1ab97ce403110664 -> 
  custom:CustomObjectIndexerAttribute: bc11b3a6c3213fcdd17b65e7da85e133 -> 
  custom:audio-encoder-webm-vorbis: bf7c407c2cedff20999df2af8eb42d56 -> 
  custom:framework-win-MediaFoundation: 216162199b28c13a410421893ffa2e32 -> 
  custom:SearchIndexIgnoredProperties: e643bd26f0fe6173181afceb89e7c659 -> 
  custom:container-demuxer-ogg: 62fdf1f143b41e24485cea50d1cbac27 -> 
  custom:video-decoder-webm-vp8: 9c59270c3fd7afecdb556c50c9e8de78 -> 
  custom:audio-decoder-ogg-vorbis: bf7c407c2cedff20999df2af8eb42d56 -> 
========================================================================
Received Prepare
Registering precompiled user dll's ...
Registered in 0.027152 seconds.
Begin MonoManager ReloadAssembly
Native extension for WindowsStandalone target not found
Refreshing native plugins compatible for Editor in 0.87 ms, found 4 plugins.
Preloading 0 native plugins for Editor in 0.00 ms.
[Package Manager] Server::EnsureServerProcessIsRunning -- launch failed, reason: Unity was launched with the -noUpm command-line argument
[Package Manager] Cannot connect to Unity Package Manager local server
Mono: successfully reloaded assembly
- Completed reload, in  1.993 seconds
Domain Reload Profiling:
	ReloadAssembly (1994ms)
		BeginReloadAssembly (298ms)
			ExecutionOrderSort (0ms)
			DisableScriptedObjects (7ms)
			BackupInstance (0ms)
			ReleaseScriptingObjects (0ms)
			CreateAndSetChildDomain (51ms)
		EndReloadAssembly (1514ms)
			LoadAssemblies (259ms)
			RebuildTransferFunctionScriptingTraits (0ms)
			SetupTypeCache (287ms)
			ReleaseScriptCaches (2ms)
			RebuildScriptCaches (49ms)
			SetupLoadedEditorAssemblies (940ms)
				LogAssemblyErrors (0ms)
				InitializePlatformSupportModulesInManaged (14ms)
				SetLoadedEditorAssemblies (0ms)
				RefreshPlugins (1ms)
				BeforeProcessingInitializeOnLoad (172ms)
				ProcessInitializeOnLoadAttributes (666ms)
				ProcessInitializeOnLoadMethodAttributes (38ms)
				AfterProcessingInitializeOnLoad (49ms)
				EditorAssembliesLoaded (0ms)
			ExecutionOrderSort2 (0ms)
			AwakeInstancesAfterBackupRestoration (8ms)
Platform modules already initialized, skipping
Refreshing native plugins compatible for Editor in 1.05 ms, found 4 plugins.
Preloading 0 native plugins for Editor in 0.00 ms.
Unloading 3983 Unused Serialized files (Serialized files now loaded: 0)
Unloading 26 unused Assets / (92.7 KB). Loaded Objects now: 4466.
Memory consumption went from 152.2 MB to 152.1 MB.
Total: 3.967700 ms (FindLiveObjects: 0.474900 ms CreateObjectMapping: 0.099700 ms MarkObjects: 3.320700 ms  DeleteObjects: 0.070600 ms)

AssetImportParameters requested are different than current active one (requested -> active):
  custom:video-decoder-ogg-theora: a1e56fd34408186e4bbccfd4996cb3dc -> 
  custom:container-muxer-webm: aa71ff27fc2769a1b78a27578f13a17b -> 
  custom:container-demuxer-webm: 4f35f7cbe854078d1ac9338744f61a02 -> 
  custom:video-encoder-webm-vp8: eb34c28f22e8b96e1ab97ce403110664 -> 
  custom:CustomObjectIndexerAttribute: bc11b3a6c3213fcdd17b65e7da85e133 -> 
  custom:audio-encoder-webm-vorbis: bf7c407c2cedff20999df2af8eb42d56 -> 
  custom:framework-win-MediaFoundation: 216162199b28c13a410421893ffa2e32 -> 
  custom:SearchIndexIgnoredProperties: e643bd26f0fe6173181afceb89e7c659 -> 
  custom:container-demuxer-ogg: 62fdf1f143b41e24485cea50d1cbac27 -> 
  custom:video-decoder-webm-vp8: 9c59270c3fd7afecdb556c50c9e8de78 -> 
  custom:audio-decoder-ogg-vorbis: bf7c407c2cedff20999df2af8eb42d56 -> 
========================================================================
Received Prepare
Registering precompiled user dll's ...
Registered in 0.028746 seconds.
Begin MonoManager ReloadAssembly
Native extension for WindowsStandalone target not found
Refreshing native plugins compatible for Editor in 1.33 ms, found 4 plugins.
Preloading 0 native plugins for Editor in 0.00 ms.
[Package Manager] Server::EnsureServerProcessIsRunning -- launch failed, reason: Unity was launched with the -noUpm command-line argument
[Package Manager] Cannot connect to Unity Package Manager local server
Mono: successfully reloaded assembly
- Completed reload, in  2.038 seconds
Domain Reload Profiling:
	ReloadAssembly (2039ms)
		BeginReloadAssembly (300ms)
			ExecutionOrderSort (0ms)
			DisableScriptedObjects (7ms)
			BackupInstance (0ms)
			ReleaseScriptingObjects (0ms)
			CreateAndSetChildDomain (57ms)
		EndReloadAssembly (1546ms)
			LoadAssemblies (263ms)
			RebuildTransferFunctionScriptingTraits (0ms)
			SetupTypeCache (287ms)
			ReleaseScriptCaches (2ms)
			RebuildScriptCaches (57ms)
			SetupLoadedEditorAssemblies (950ms)
				LogAssemblyErrors (0ms)
				InitializePlatformSupportModulesInManaged (17ms)
				SetLoadedEditorAssemblies (1ms)
				RefreshPlugins (1ms)
				BeforeProcessingInitializeOnLoad (175ms)
				ProcessInitializeOnLoadAttributes (661ms)
				ProcessInitializeOnLoadMethodAttributes (41ms)
				AfterProcessingInitializeOnLoad (54ms)
				EditorAssembliesLoaded (0ms)
			ExecutionOrderSort2 (0ms)
			AwakeInstancesAfterBackupRestoration (9ms)
Platform modules already initialized, skipping
Refreshing native plugins compatible for Editor in 2.03 ms, found 4 plugins.
Preloading 0 native plugins for Editor in 0.00 ms.
Unloading 3982 Unused Serialized files (Serialized files now loaded: 0)
Unloading 26 unused Assets / (92.7 KB). Loaded Objects now: 4481.
Memory consumption went from 152.2 MB to 152.1 MB.
Total: 4.583400 ms (FindLiveObjects: 0.683700 ms CreateObjectMapping: 0.293800 ms MarkObjects: 3.543600 ms  DeleteObjects: 0.061000 ms)

AssetImportParameters requested are different than current active one (requested -> active):
  custom:video-decoder-ogg-theora: a1e56fd34408186e4bbccfd4996cb3dc -> 
  custom:container-muxer-webm: aa71ff27fc2769a1b78a27578f13a17b -> 
  custom:container-demuxer-webm: 4f35f7cbe854078d1ac9338744f61a02 -> 
  custom:video-encoder-webm-vp8: eb34c28f22e8b96e1ab97ce403110664 -> 
  custom:CustomObjectIndexerAttribute: bc11b3a6c3213fcdd17b65e7da85e133 -> 
  custom:audio-encoder-webm-vorbis: bf7c407c2cedff20999df2af8eb42d56 -> 
  custom:framework-win-MediaFoundation: 216162199b28c13a410421893ffa2e32 -> 
  custom:SearchIndexIgnoredProperties: e643bd26f0fe6173181afceb89e7c659 -> 
  custom:container-demuxer-ogg: 62fdf1f143b41e24485cea50d1cbac27 -> 
  custom:video-decoder-webm-vp8: 9c59270c3fd7afecdb556c50c9e8de78 -> 
  custom:audio-decoder-ogg-vorbis: bf7c407c2cedff20999df2af8eb42d56 -> 
========================================================================
Received Prepare
Registering precompiled user dll's ...
Registered in 0.030313 seconds.
Begin MonoManager ReloadAssembly
Native extension for WindowsStandalone target not found
Refreshing native plugins compatible for Editor in 0.74 ms, found 4 plugins.
Preloading 0 native plugins for Editor in 0.00 ms.
[Package Manager] Server::EnsureServerProcessIsRunning -- launch failed, reason: Unity was launched with the -noUpm command-line argument
[Package Manager] Cannot connect to Unity Package Manager local server
Mono: successfully reloaded assembly
- Completed reload, in  2.025 seconds
Domain Reload Profiling:
	ReloadAssembly (2026ms)
		BeginReloadAssembly (303ms)
			ExecutionOrderSort (0ms)
			DisableScriptedObjects (7ms)
			BackupInstance (0ms)
			ReleaseScriptingObjects (0ms)
			CreateAndSetChildDomain (47ms)
		EndReloadAssembly (1534ms)
			LoadAssemblies (281ms)
			RebuildTransferFunctionScriptingTraits (0ms)
			SetupTypeCache (290ms)
			ReleaseScriptCaches (3ms)
			RebuildScriptCaches (65ms)
			SetupLoadedEditorAssemblies (921ms)
				LogAssemblyErrors (0ms)
				InitializePlatformSupportModulesInManaged (15ms)
				SetLoadedEditorAssemblies (0ms)
				RefreshPlugins (1ms)
				BeforeProcessingInitializeOnLoad (178ms)
				ProcessInitializeOnLoadAttributes (639ms)
				ProcessInitializeOnLoadMethodAttributes (38ms)
				AfterProcessingInitializeOnLoad (50ms)
				EditorAssembliesLoaded (0ms)
			ExecutionOrderSort2 (0ms)
			AwakeInstancesAfterBackupRestoration (9ms)
Platform modules already initialized, skipping
Refreshing native plugins compatible for Editor in 1.28 ms, found 4 plugins.
Preloading 0 native plugins for Editor in 0.00 ms.
Unloading 3982 Unused Serialized files (Serialized files now loaded: 0)
Unloading 26 unused Assets / (92.7 KB). Loaded Objects now: 4496.
Memory consumption went from 152.2 MB to 152.1 MB.
Total: 4.072100 ms (FindLiveObjects: 0.405900 ms CreateObjectMapping: 0.120600 ms MarkObjects: 3.467500 ms  DeleteObjects: 0.076200 ms)

AssetImportParameters requested are different than current active one (requested -> active):
  custom:video-decoder-ogg-theora: a1e56fd34408186e4bbccfd4996cb3dc -> 
  custom:container-muxer-webm: aa71ff27fc2769a1b78a27578f13a17b -> 
  custom:container-demuxer-webm: 4f35f7cbe854078d1ac9338744f61a02 -> 
  custom:video-encoder-webm-vp8: eb34c28f22e8b96e1ab97ce403110664 -> 
  custom:CustomObjectIndexerAttribute: bc11b3a6c3213fcdd17b65e7da85e133 -> 
  custom:audio-encoder-webm-vorbis: bf7c407c2cedff20999df2af8eb42d56 -> 
  custom:framework-win-MediaFoundation: 216162199b28c13a410421893ffa2e32 -> 
  custom:SearchIndexIgnoredProperties: e643bd26f0fe6173181afceb89e7c659 -> 
  custom:container-demuxer-ogg: 62fdf1f143b41e24485cea50d1cbac27 -> 
  custom:video-decoder-webm-vp8: 9c59270c3fd7afecdb556c50c9e8de78 -> 
  custom:audio-decoder-ogg-vorbis: bf7c407c2cedff20999df2af8eb42d56 -> 
========================================================================
Received Prepare
Registering precompiled user dll's ...
Registered in 0.026597 seconds.
Begin MonoManager ReloadAssembly
Native extension for WindowsStandalone target not found
Refreshing native plugins compatible for Editor in 1.24 ms, found 4 plugins.
Preloading 0 native plugins for Editor in 0.00 ms.
[Package Manager] Server::EnsureServerProcessIsRunning -- launch failed, reason: Unity was launched with the -noUpm command-line argument
[Package Manager] Cannot connect to Unity Package Manager local server
Mono: successfully reloaded assembly
- Completed reload, in  2.016 seconds
Domain Reload Profiling:
	ReloadAssembly (2017ms)
		BeginReloadAssembly (289ms)
			ExecutionOrderSort (0ms)
			DisableScriptedObjects (7ms)
			BackupInstance (0ms)
			ReleaseScriptingObjects (0ms)
			CreateAndSetChildDomain (46ms)
		EndReloadAssembly (1543ms)
			LoadAssemblies (257ms)
			RebuildTransferFunctionScriptingTraits (0ms)
			SetupTypeCache (292ms)
			ReleaseScriptCaches (2ms)
			RebuildScriptCaches (66ms)
			SetupLoadedEditorAssemblies (942ms)
				LogAssemblyErrors (0ms)
				InitializePlatformSupportModulesInManaged (16ms)
				SetLoadedEditorAssemblies (0ms)
				RefreshPlugins (1ms)
				BeforeProcessingInitializeOnLoad (180ms)
				ProcessInitializeOnLoadAttributes (653ms)
				ProcessInitializeOnLoadMethodAttributes (39ms)
				AfterProcessingInitializeOnLoad (52ms)
				EditorAssembliesLoaded (0ms)
			ExecutionOrderSort2 (0ms)
			AwakeInstancesAfterBackupRestoration (10ms)
Platform modules already initialized, skipping
Refreshing native plugins compatible for Editor in 0.99 ms, found 4 plugins.
Preloading 0 native plugins for Editor in 0.00 ms.
Unloading 3982 Unused Serialized files (Serialized files now loaded: 0)
Unloading 26 unused Assets / (92.6 KB). Loaded Objects now: 4511.
Memory consumption went from 152.2 MB to 152.1 MB.
Total: 3.269900 ms (FindLiveObjects: 0.609200 ms CreateObjectMapping: 0.100100 ms MarkObjects: 2.518900 ms  DeleteObjects: 0.040600 ms)

AssetImportParameters requested are different than current active one (requested -> active):
  custom:video-decoder-ogg-theora: a1e56fd34408186e4bbccfd4996cb3dc -> 
  custom:container-muxer-webm: aa71ff27fc2769a1b78a27578f13a17b -> 
  custom:container-demuxer-webm: 4f35f7cbe854078d1ac9338744f61a02 -> 
  custom:video-encoder-webm-vp8: eb34c28f22e8b96e1ab97ce403110664 -> 
  custom:CustomObjectIndexerAttribute: bc11b3a6c3213fcdd17b65e7da85e133 -> 
  custom:audio-encoder-webm-vorbis: bf7c407c2cedff20999df2af8eb42d56 -> 
  custom:framework-win-MediaFoundation: 216162199b28c13a410421893ffa2e32 -> 
  custom:SearchIndexIgnoredProperties: e643bd26f0fe6173181afceb89e7c659 -> 
  custom:container-demuxer-ogg: 62fdf1f143b41e24485cea50d1cbac27 -> 
  custom:video-decoder-webm-vp8: 9c59270c3fd7afecdb556c50c9e8de78 -> 
  custom:audio-decoder-ogg-vorbis: bf7c407c2cedff20999df2af8eb42d56 -> 
========================================================================
Received Import Request.
  Time since last request: 1978.356844 seconds.
  path: Assets/Background/Medieval_pixel_art_asset_FREE/Prefabs/Props_free/Medieval_props_free_1.prefab
  artifactKey: Guid(5808ca7cfa9bad240b1c2c52003f4817) Importer(815301076,1909f56bfc062723c751e8b465ee728b)
Number of updated assets reloaded before import = 0
Start importing Assets/Background/Medieval_pixel_art_asset_FREE/Prefabs/Props_free/Medieval_props_free_1.prefab using Guid(5808ca7cfa9bad240b1c2c52003f4817) Importer(815301076,1909f56bfc062723c751e8b465ee728b)  -> (artifact id: '678863369dd9ad4adc307f9d4178c0b5') in 0.214656 seconds 
Number of asset objects unloaded after import = 7
========================================================================
Received Import Request.
  Time since last request: 0.000032 seconds.
  path: Assets/Background/Medieval_pixel_art_asset_FREE/Prefabs/Props_free/Medieval_props_free_4.prefab
  artifactKey: Guid(5f00a24494233a242bb7397e971a1e7f) Importer(815301076,1909f56bfc062723c751e8b465ee728b)
Number of updated assets reloaded before import = 0
Start importing Assets/Background/Medieval_pixel_art_asset_FREE/Prefabs/Props_free/Medieval_props_free_4.prefab using Guid(5f00a24494233a242bb7397e971a1e7f) Importer(815301076,1909f56bfc062723c751e8b465ee728b)  -> (artifact id: 'd937ee0b171d69db4236f80d54195b1d') in 0.019118 seconds 
Number of asset objects unloaded after import = 7
========================================================================
Received Import Request.
  Time since last request: 0.000040 seconds.
  path: Assets/Background/Medieval_pixel_art_asset_FREE/Prefabs/Props_free/Medieval_props_free_13.prefab
  artifactKey: Guid(dd6c6c0f2cff23a488ed09ad8ab8c2dc) Importer(815301076,1909f56bfc062723c751e8b465ee728b)
Number of updated assets reloaded before import = 0
Start importing Assets/Background/Medieval_pixel_art_asset_FREE/Prefabs/Props_free/Medieval_props_free_13.prefab using Guid(dd6c6c0f2cff23a488ed09ad8ab8c2dc) Importer(815301076,1909f56bfc062723c751e8b465ee728b)  -> (artifact id: 'ce4a7702dfffe6906b1bc748ae880bb5') in 0.014107 seconds 
Number of asset objects unloaded after import = 7
========================================================================
Received Import Request.
  Time since last request: 0.000024 seconds.
  path: Assets/Background/Medieval_pixel_art_asset_FREE/Prefabs/Props_free/Medieval_props_free_7.prefab
  artifactKey: Guid(24ae35bee8c16ff4da4776e3e28e6d29) Importer(815301076,1909f56bfc062723c751e8b465ee728b)
Number of updated assets reloaded before import = 0
Start importing Assets/Background/Medieval_pixel_art_asset_FREE/Prefabs/Props_free/Medieval_props_free_7.prefab using Guid(24ae35bee8c16ff4da4776e3e28e6d29) Importer(815301076,1909f56bfc062723c751e8b465ee728b)  -> (artifact id: 'd57180f2626252bf91aaec7a061d3c6c') in 0.012732 seconds 
Number of asset objects unloaded after import = 7
========================================================================
Received Import Request.
  Time since last request: 0.000021 seconds.
  path: Assets/Background/Medieval_pixel_art_asset_FREE/Prefabs/Props_free/Medieval_props_free_19.prefab
  artifactKey: Guid(44054954b77510d47b1fcbe02bebc579) Importer(815301076,1909f56bfc062723c751e8b465ee728b)
Number of updated assets reloaded before import = 0
Start importing Assets/Background/Medieval_pixel_art_asset_FREE/Prefabs/Props_free/Medieval_props_free_19.prefab using Guid(44054954b77510d47b1fcbe02bebc579) Importer(815301076,1909f56bfc062723c751e8b465ee728b)  -> (artifact id: 'c4d6b07ddd19d4bd71196d38902dbab7') in 0.012549 seconds 
Number of asset objects unloaded after import = 7
========================================================================
Received Import Request.
  Time since last request: 0.000022 seconds.
  path: Assets/Background/Medieval_pixel_art_asset_FREE/Prefabs/Props_free/Medieval_props_free_22.prefab
  artifactKey: Guid(e2a26257b5e648040b6edae4f19a74b1) Importer(815301076,1909f56bfc062723c751e8b465ee728b)
Number of updated assets reloaded before import = 0
Start importing Assets/Background/Medieval_pixel_art_asset_FREE/Prefabs/Props_free/Medieval_props_free_22.prefab using Guid(e2a26257b5e648040b6edae4f19a74b1) Importer(815301076,1909f56bfc062723c751e8b465ee728b)  -> (artifact id: '94716bff52400ae15990109800c8516f') in 0.013777 seconds 
Number of asset objects unloaded after import = 7
========================================================================
Received Import Request.
  Time since last request: 0.000024 seconds.
  path: Assets/Background/Medieval_pixel_art_asset_FREE/Prefabs/Props_free/Medieval_props_free_18.prefab
  artifactKey: Guid(4c982269016456b4bad3db44c7da536e) Importer(815301076,1909f56bfc062723c751e8b465ee728b)
Number of updated assets reloaded before import = 0
Start importing Assets/Background/Medieval_pixel_art_asset_FREE/Prefabs/Props_free/Medieval_props_free_18.prefab using Guid(4c982269016456b4bad3db44c7da536e) Importer(815301076,1909f56bfc062723c751e8b465ee728b)  -> (artifact id: '2a4b8b5ded7ec37bea58982c5ed1748c') in 0.012355 seconds 
Number of asset objects unloaded after import = 7
========================================================================
Received Import Request.
  Time since last request: 0.000027 seconds.
  path: Assets/Background/Medieval_pixel_art_asset_FREE/Prefabs/Props_free/Medieval_props_free_9.prefab
  artifactKey: Guid(66e1fcc26d996ca47b0d294f2113a254) Importer(815301076,1909f56bfc062723c751e8b465ee728b)
Number of updated assets reloaded before import = 0
Start importing Assets/Background/Medieval_pixel_art_asset_FREE/Prefabs/Props_free/Medieval_props_free_9.prefab using Guid(66e1fcc26d996ca47b0d294f2113a254) Importer(815301076,1909f56bfc062723c751e8b465ee728b)  -> (artifact id: '611f1bc56965a8906c7084076dd20669') in 0.012658 seconds 
Number of asset objects unloaded after import = 7
========================================================================
Received Import Request.
  Time since last request: 0.000029 seconds.
  path: Assets/Background/Medieval_pixel_art_asset_FREE/Prefabs/Props_free/Medieval_props_free_16.prefab
  artifactKey: Guid(ad8aee53221f9c44bb741edfa9bbafe3) Importer(815301076,1909f56bfc062723c751e8b465ee728b)
Number of updated assets reloaded before import = 0
Start importing Assets/Background/Medieval_pixel_art_asset_FREE/Prefabs/Props_free/Medieval_props_free_16.prefab using Guid(ad8aee53221f9c44bb741edfa9bbafe3) Importer(815301076,1909f56bfc062723c751e8b465ee728b)  -> (artifact id: 'f585e1402a235e3faad478c94c593a4d') in 0.013110 seconds 
Number of asset objects unloaded after import = 7
========================================================================
Received Import Request.
  Time since last request: 20.875316 seconds.
  path: Assets/Background/Medieval_pixel_art_asset_FREE/Tiles_free/Medieval_tiles_free2_2.asset
  artifactKey: Guid(e23f9ccbba15c6e4d93127ee72575a4f) Importer(815301076,1909f56bfc062723c751e8b465ee728b)
Number of updated assets reloaded before import = 0
Start importing Assets/Background/Medieval_pixel_art_asset_FREE/Tiles_free/Medieval_tiles_free2_2.asset using Guid(e23f9ccbba15c6e4d93127ee72575a4f) Importer(815301076,1909f56bfc062723c751e8b465ee728b)  -> (artifact id: 'de124de0621a45f38938791f1cde61ae') in 0.035405 seconds 
Number of asset objects unloaded after import = 3
========================================================================
Received Import Request.
  Time since last request: 0.000030 seconds.
  path: Assets/Background/Medieval_pixel_art_asset_FREE/Tiles_free/Medieval_tiles_free2_18.asset
  artifactKey: Guid(10647dd5dcafe1f4bbdf174163405cc0) Importer(815301076,1909f56bfc062723c751e8b465ee728b)
Number of updated assets reloaded before import = 0
Start importing Assets/Background/Medieval_pixel_art_asset_FREE/Tiles_free/Medieval_tiles_free2_18.asset using Guid(10647dd5dcafe1f4bbdf174163405cc0) Importer(815301076,1909f56bfc062723c751e8b465ee728b)  -> (artifact id: '3d18a53455ede29f931a31ad4569a08e') in 0.015787 seconds 
Number of asset objects unloaded after import = 3
========================================================================
Received Import Request.
  Time since last request: 0.000023 seconds.
  path: Assets/Background/Medieval_pixel_art_asset_FREE/Tiles_free/Medieval_tiles_free2_28.asset
  artifactKey: Guid(f1bcaf2a57ee8b743a9dd0f7d8d27aa5) Importer(815301076,1909f56bfc062723c751e8b465ee728b)
Number of updated assets reloaded before import = 0
Start importing Assets/Background/Medieval_pixel_art_asset_FREE/Tiles_free/Medieval_tiles_free2_28.asset using Guid(f1bcaf2a57ee8b743a9dd0f7d8d27aa5) Importer(815301076,1909f56bfc062723c751e8b465ee728b)  -> (artifact id: '4eb71002edaf529e39111e29cfa3f010') in 0.014965 seconds 
Number of asset objects unloaded after import = 3
========================================================================
Received Import Request.
  Time since last request: 0.000019 seconds.
  path: Assets/Background/Medieval_pixel_art_asset_FREE/Tiles_free/Medieval_tiles_free2_88.asset
  artifactKey: Guid(aa3bb409f5a3f6d4e8d9016162f47ea8) Importer(815301076,1909f56bfc062723c751e8b465ee728b)
Number of updated assets reloaded before import = 0
Start importing Assets/Background/Medieval_pixel_art_asset_FREE/Tiles_free/Medieval_tiles_free2_88.asset using Guid(aa3bb409f5a3f6d4e8d9016162f47ea8) Importer(815301076,1909f56bfc062723c751e8b465ee728b)  -> (artifact id: '4daf769c65ad83c4c68c0b314972fd72') in 0.013676 seconds 
Number of asset objects unloaded after import = 3
========================================================================
Received Import Request.
  Time since last request: 0.000019 seconds.
  path: Assets/Background/Medieval_pixel_art_asset_FREE/Tiles_free/Medieval_tiles_free2_5.asset
  artifactKey: Guid(2fb88953e2c1c0c4a91f42a64ec98399) Importer(815301076,1909f56bfc062723c751e8b465ee728b)
Number of updated assets reloaded before import = 0
Start importing Assets/Background/Medieval_pixel_art_asset_FREE/Tiles_free/Medieval_tiles_free2_5.asset using Guid(2fb88953e2c1c0c4a91f42a64ec98399) Importer(815301076,1909f56bfc062723c751e8b465ee728b)  -> (artifact id: '82c5f2df06ff92fdeeecd41424a226e6') in 0.015527 seconds 
Number of asset objects unloaded after import = 3
========================================================================
Received Import Request.
  Time since last request: 0.000022 seconds.
  path: Assets/Background/Medieval_pixel_art_asset_FREE/Tiles_free/Medieval_tiles_free2_140.asset
  artifactKey: Guid(0fddfa2d4f697ab47a0d9828b6a04ebf) Importer(815301076,1909f56bfc062723c751e8b465ee728b)
Number of updated assets reloaded before import = 0
Start importing Assets/Background/Medieval_pixel_art_asset_FREE/Tiles_free/Medieval_tiles_free2_140.asset using Guid(0fddfa2d4f697ab47a0d9828b6a04ebf) Importer(815301076,1909f56bfc062723c751e8b465ee728b)  -> (artifact id: '543d77ad3275f4dc8e39ac6abc00998b') in 0.018564 seconds 
Number of asset objects unloaded after import = 3
========================================================================
Received Import Request.
  Time since last request: 0.000029 seconds.
  path: Assets/Background/Medieval_pixel_art_asset_FREE/Tiles_free/Medieval_tiles_free2_158.asset
  artifactKey: Guid(7e323e0ffcafaba4bb57fbf6191bc3f5) Importer(815301076,1909f56bfc062723c751e8b465ee728b)
Number of updated assets reloaded before import = 0
Start importing Assets/Background/Medieval_pixel_art_asset_FREE/Tiles_free/Medieval_tiles_free2_158.asset using Guid(7e323e0ffcafaba4bb57fbf6191bc3f5) Importer(815301076,1909f56bfc062723c751e8b465ee728b)  -> (artifact id: 'a42de4e035c28966c80fb489b9461dc1') in 0.018249 seconds 
Number of asset objects unloaded after import = 3
========================================================================
Received Import Request.
  Time since last request: 0.000026 seconds.
  path: Assets/Background/Medieval_pixel_art_asset_FREE/Tiles_free/Medieval_tiles_free2_169.asset
  artifactKey: Guid(d20a04a5ee2b93d48ba5ed0b7e8162a0) Importer(815301076,1909f56bfc062723c751e8b465ee728b)
Number of updated assets reloaded before import = 0
Start importing Assets/Background/Medieval_pixel_art_asset_FREE/Tiles_free/Medieval_tiles_free2_169.asset using Guid(d20a04a5ee2b93d48ba5ed0b7e8162a0) Importer(815301076,1909f56bfc062723c751e8b465ee728b)  -> (artifact id: '96716188280fd8d76e4090dbab6d4d6f') in 0.014959 seconds 
Number of asset objects unloaded after import = 3
========================================================================
Received Import Request.
  Time since last request: 0.000028 seconds.
  path: Assets/Background/Medieval_pixel_art_asset_FREE/Tiles_free/Medieval_tiles_free2_123.asset
  artifactKey: Guid(2a434a3097ca6154eaf91a067180f2ec) Importer(815301076,1909f56bfc062723c751e8b465ee728b)
Number of updated assets reloaded before import = 0
Start importing Assets/Background/Medieval_pixel_art_asset_FREE/Tiles_free/Medieval_tiles_free2_123.asset using Guid(2a434a3097ca6154eaf91a067180f2ec) Importer(815301076,1909f56bfc062723c751e8b465ee728b)  -> (artifact id: '0ede72ba95418362d74ed0d04fefd3ea') in 0.015319 seconds 
Number of asset objects unloaded after import = 3
========================================================================
Received Import Request.
  Time since last request: 0.000027 seconds.
  path: Assets/Background/Medieval_pixel_art_asset_FREE/Tiles_free/Medieval_tiles_free2_109.asset
  artifactKey: Guid(e41f087459d92864cb81c0b53c3bd8b3) Importer(815301076,1909f56bfc062723c751e8b465ee728b)
Number of updated assets reloaded before import = 0
Start importing Assets/Background/Medieval_pixel_art_asset_FREE/Tiles_free/Medieval_tiles_free2_109.asset using Guid(e41f087459d92864cb81c0b53c3bd8b3) Importer(815301076,1909f56bfc062723c751e8b465ee728b)  -> (artifact id: '83015a7da274fccecc8ff76f5ea7ddf8') in 0.014585 seconds 
Number of asset objects unloaded after import = 3
========================================================================
Received Import Request.
  Time since last request: 0.000024 seconds.
  path: Assets/Background/Medieval_pixel_art_asset_FREE/Tiles_free/Medieval_tiles_free2_56.asset
  artifactKey: Guid(8b5fd3f4903507840b77e6878986a4f7) Importer(815301076,1909f56bfc062723c751e8b465ee728b)
Number of updated assets reloaded before import = 0
Start importing Assets/Background/Medieval_pixel_art_asset_FREE/Tiles_free/Medieval_tiles_free2_56.asset using Guid(8b5fd3f4903507840b77e6878986a4f7) Importer(815301076,1909f56bfc062723c751e8b465ee728b)  -> (artifact id: '68a4a7992e38b0954ca22cc1db89cc1a') in 0.011574 seconds 
Number of asset objects unloaded after import = 3
========================================================================
Received Import Request.
  Time since last request: 0.000012 seconds.
  path: Assets/Background/Medieval_pixel_art_asset_FREE/Tiles_free/Medieval_tiles_free2_48.asset
  artifactKey: Guid(7f36776e1b185bd479fe5d20e2e23995) Importer(815301076,1909f56bfc062723c751e8b465ee728b)
Number of updated assets reloaded before import = 0
Start importing Assets/Background/Medieval_pixel_art_asset_FREE/Tiles_free/Medieval_tiles_free2_48.asset using Guid(7f36776e1b185bd479fe5d20e2e23995) Importer(815301076,1909f56bfc062723c751e8b465ee728b)  -> (artifact id: '4e44492076d9f36b8b4dcdf92685b9ef') in 0.015486 seconds 
Number of asset objects unloaded after import = 3
========================================================================
Received Import Request.
  Time since last request: 0.000017 seconds.
  path: Assets/Background/Medieval_pixel_art_asset_FREE/Tiles_free/Medieval_tiles_free2_75.asset
  artifactKey: Guid(164fae5121ce95c42951976fe626e194) Importer(815301076,1909f56bfc062723c751e8b465ee728b)
Number of updated assets reloaded before import = 0
Start importing Assets/Background/Medieval_pixel_art_asset_FREE/Tiles_free/Medieval_tiles_free2_75.asset using Guid(164fae5121ce95c42951976fe626e194) Importer(815301076,1909f56bfc062723c751e8b465ee728b)  -> (artifact id: 'eafaf095bbbc1c761f1d8817945a29a6') in 0.033468 seconds 
Number of asset objects unloaded after import = 3
========================================================================
Received Import Request.
  Time since last request: 0.000202 seconds.
  path: Assets/Background/Medieval_pixel_art_asset_FREE/Tiles_free/Medieval_tiles_free2_10.asset
  artifactKey: Guid(6f8ffdf4dd9eff74d826989fdc289ecc) Importer(815301076,1909f56bfc062723c751e8b465ee728b)
Number of updated assets reloaded before import = 0
Start importing Assets/Background/Medieval_pixel_art_asset_FREE/Tiles_free/Medieval_tiles_free2_10.asset using Guid(6f8ffdf4dd9eff74d826989fdc289ecc) Importer(815301076,1909f56bfc062723c751e8b465ee728b)  -> (artifact id: '4be43813f1735282d2e39d31a51aee5a') in 0.015908 seconds 
Number of asset objects unloaded after import = 3
========================================================================
Received Import Request.
  Time since last request: 0.000018 seconds.
  path: Assets/Background/Medieval_pixel_art_asset_FREE/Tiles_free/Medieval_tiles_free2_103.asset
  artifactKey: Guid(d358db5499a17b54da0b7541e73aad5c) Importer(815301076,1909f56bfc062723c751e8b465ee728b)
Number of updated assets reloaded before import = 0
Start importing Assets/Background/Medieval_pixel_art_asset_FREE/Tiles_free/Medieval_tiles_free2_103.asset using Guid(d358db5499a17b54da0b7541e73aad5c) Importer(815301076,1909f56bfc062723c751e8b465ee728b)  -> (artifact id: 'd39e579d500eb02ce64ee6bfe6005018') in 0.015221 seconds 
Number of asset objects unloaded after import = 3
========================================================================
Received Import Request.
  Time since last request: 0.000016 seconds.
  path: Assets/Background/Medieval_pixel_art_asset_FREE/Tiles_free/Medieval_tiles_free2_124.asset
  artifactKey: Guid(65c19bed8280195498348ebf482db9a7) Importer(815301076,1909f56bfc062723c751e8b465ee728b)
Number of updated assets reloaded before import = 0
Start importing Assets/Background/Medieval_pixel_art_asset_FREE/Tiles_free/Medieval_tiles_free2_124.asset using Guid(65c19bed8280195498348ebf482db9a7) Importer(815301076,1909f56bfc062723c751e8b465ee728b)  -> (artifact id: '702422e50b07646961e82ffad78a61b9') in 0.013147 seconds 
Number of asset objects unloaded after import = 3
========================================================================
Received Import Request.
  Time since last request: 0.000017 seconds.
  path: Assets/Background/Medieval_pixel_art_asset_FREE/Tiles_free/Medieval_tiles_free2_172.asset
  artifactKey: Guid(28f9a0e7187804444a7bfd9ed00a76ec) Importer(815301076,1909f56bfc062723c751e8b465ee728b)
Number of updated assets reloaded before import = 0
Start importing Assets/Background/Medieval_pixel_art_asset_FREE/Tiles_free/Medieval_tiles_free2_172.asset using Guid(28f9a0e7187804444a7bfd9ed00a76ec) Importer(815301076,1909f56bfc062723c751e8b465ee728b)  -> (artifact id: 'a421edb44d4295b2960d52b575e6bbef') in 0.013516 seconds 
Number of asset objects unloaded after import = 3
========================================================================
Received Import Request.
  Time since last request: 0.000017 seconds.
  path: Assets/Background/Medieval_pixel_art_asset_FREE/Tiles_free/Medieval_tiles_free2_101.asset
  artifactKey: Guid(a7ae61f4b99e86740bdf4297d9e25b47) Importer(815301076,1909f56bfc062723c751e8b465ee728b)
Number of updated assets reloaded before import = 0
Start importing Assets/Background/Medieval_pixel_art_asset_FREE/Tiles_free/Medieval_tiles_free2_101.asset using Guid(a7ae61f4b99e86740bdf4297d9e25b47) Importer(815301076,1909f56bfc062723c751e8b465ee728b)  -> (artifact id: 'd5a2450f4e335fc957acccb118c120ae') in 0.014411 seconds 
Number of asset objects unloaded after import = 3
========================================================================
Received Import Request.
  Time since last request: 0.000020 seconds.
  path: Assets/Background/Medieval_pixel_art_asset_FREE/Tiles_free/Medieval_tiles_free2_55.asset
  artifactKey: Guid(c9bc746670b28ec418142d49023fbecd) Importer(815301076,1909f56bfc062723c751e8b465ee728b)
Number of updated assets reloaded before import = 0
Start importing Assets/Background/Medieval_pixel_art_asset_FREE/Tiles_free/Medieval_tiles_free2_55.asset using Guid(c9bc746670b28ec418142d49023fbecd) Importer(815301076,1909f56bfc062723c751e8b465ee728b)  -> (artifact id: '9385351d9175e97f98c739db60e03701') in 0.015552 seconds 
Number of asset objects unloaded after import = 3
========================================================================
Received Import Request.
  Time since last request: 0.000018 seconds.
  path: Assets/Background/Medieval_pixel_art_asset_FREE/Tiles_free/Medieval_tiles_free2_72.asset
  artifactKey: Guid(2f7bf868b7625964f99d392577b74060) Importer(815301076,1909f56bfc062723c751e8b465ee728b)
Number of updated assets reloaded before import = 0
Start importing Assets/Background/Medieval_pixel_art_asset_FREE/Tiles_free/Medieval_tiles_free2_72.asset using Guid(2f7bf868b7625964f99d392577b74060) Importer(815301076,1909f56bfc062723c751e8b465ee728b)  -> (artifact id: '7b55c5675b64cf043319b76a1fa60f99') in 0.012171 seconds 
Number of asset objects unloaded after import = 3
========================================================================
Received Import Request.
  Time since last request: 0.000027 seconds.
  path: Assets/Background/Medieval_pixel_art_asset_FREE/Tiles_free/Medieval_tiles_free2_168.asset
  artifactKey: Guid(3e72ee6bbf7a22a4993a14ff3b47ec63) Importer(815301076,1909f56bfc062723c751e8b465ee728b)
Number of updated assets reloaded before import = 0
Start importing Assets/Background/Medieval_pixel_art_asset_FREE/Tiles_free/Medieval_tiles_free2_168.asset using Guid(3e72ee6bbf7a22a4993a14ff3b47ec63) Importer(815301076,1909f56bfc062723c751e8b465ee728b)  -> (artifact id: 'd385e01d265d3c2fb181b3844cdcea53') in 0.012812 seconds 
Number of asset objects unloaded after import = 3
========================================================================
Received Import Request.
  Time since last request: 0.000044 seconds.
  path: Assets/Background/Medieval_pixel_art_asset_FREE/Tiles_free/Medieval_tiles_free2_38.asset
  artifactKey: Guid(2a304df656aa83c4893d32ae8275fe52) Importer(815301076,1909f56bfc062723c751e8b465ee728b)
Number of updated assets reloaded before import = 0
Start importing Assets/Background/Medieval_pixel_art_asset_FREE/Tiles_free/Medieval_tiles_free2_38.asset using Guid(2a304df656aa83c4893d32ae8275fe52) Importer(815301076,1909f56bfc062723c751e8b465ee728b)  -> (artifact id: 'a8a3bdf910b1dfe7d07ae2eea63e3a15') in 0.012989 seconds 
Number of asset objects unloaded after import = 3
========================================================================
Received Import Request.
  Time since last request: 0.000024 seconds.
  path: Assets/Background/Medieval_pixel_art_asset_FREE/Tiles_free/Medieval_tiles_free2_89.asset
  artifactKey: Guid(a41c5be3fa5d77d47a53d8dae4eca2a7) Importer(815301076,1909f56bfc062723c751e8b465ee728b)
Number of updated assets reloaded before import = 0
Start importing Assets/Background/Medieval_pixel_art_asset_FREE/Tiles_free/Medieval_tiles_free2_89.asset using Guid(a41c5be3fa5d77d47a53d8dae4eca2a7) Importer(815301076,1909f56bfc062723c751e8b465ee728b)  -> (artifact id: '9276e4d80b13997e3e083387ae4adb91') in 0.013684 seconds 
Number of asset objects unloaded after import = 3
========================================================================
Received Import Request.
  Time since last request: 0.000032 seconds.
  path: Assets/Background/Medieval_pixel_art_asset_FREE/Tiles_free/Medieval_tiles_free2_126.asset
  artifactKey: Guid(ef4054ce9b9759d49a5c16d381221590) Importer(815301076,1909f56bfc062723c751e8b465ee728b)
Number of updated assets reloaded before import = 0
Start importing Assets/Background/Medieval_pixel_art_asset_FREE/Tiles_free/Medieval_tiles_free2_126.asset using Guid(ef4054ce9b9759d49a5c16d381221590) Importer(815301076,1909f56bfc062723c751e8b465ee728b)  -> (artifact id: 'd1863abfe614313aea99f7beea7ecf18') in 0.013704 seconds 
Number of asset objects unloaded after import = 3
========================================================================
Received Import Request.
  Time since last request: 0.000020 seconds.
  path: Assets/Background/Medieval_pixel_art_asset_FREE/Tiles_free/Medieval_tiles_free2_152.asset
  artifactKey: Guid(5f1ec2df8efff4a42905f989f12d1a3b) Importer(815301076,1909f56bfc062723c751e8b465ee728b)
Number of updated assets reloaded before import = 0
Start importing Assets/Background/Medieval_pixel_art_asset_FREE/Tiles_free/Medieval_tiles_free2_152.asset using Guid(5f1ec2df8efff4a42905f989f12d1a3b) Importer(815301076,1909f56bfc062723c751e8b465ee728b)  -> (artifact id: '8266d867e2beddc721320eadfbe10438') in 0.019385 seconds 
Number of asset objects unloaded after import = 3
========================================================================
Received Import Request.
  Time since last request: 0.000022 seconds.
  path: Assets/Background/Medieval_pixel_art_asset_FREE/Tiles_free/Medieval_tiles_free2_67.asset
  artifactKey: Guid(48739b254deb5b84888af6fd0e3fafc8) Importer(815301076,1909f56bfc062723c751e8b465ee728b)
Number of updated assets reloaded before import = 0
Start importing Assets/Background/Medieval_pixel_art_asset_FREE/Tiles_free/Medieval_tiles_free2_67.asset using Guid(48739b254deb5b84888af6fd0e3fafc8) Importer(815301076,1909f56bfc062723c751e8b465ee728b)  -> (artifact id: '4221c379c0df4640d67f9b8e80f21559') in 0.013742 seconds 
Number of asset objects unloaded after import = 3
========================================================================
Received Import Request.
  Time since last request: 0.000017 seconds.
  path: Assets/Background/Medieval_pixel_art_asset_FREE/Tiles_free/Medieval_tiles_free2_91.asset
  artifactKey: Guid(5ad159fe974c77a4bad038a286c53d4e) Importer(815301076,1909f56bfc062723c751e8b465ee728b)
Number of updated assets reloaded before import = 0
Start importing Assets/Background/Medieval_pixel_art_asset_FREE/Tiles_free/Medieval_tiles_free2_91.asset using Guid(5ad159fe974c77a4bad038a286c53d4e) Importer(815301076,1909f56bfc062723c751e8b465ee728b)  -> (artifact id: 'c42ffb046e9dcb8b8bfd446fa20aeb7e') in 0.015026 seconds 
Number of asset objects unloaded after import = 3
========================================================================
Received Import Request.
  Time since last request: 0.000018 seconds.
  path: Assets/Background/Medieval_pixel_art_asset_FREE/Tiles_free/Medieval_tiles_free2_47.asset
  artifactKey: Guid(d6dcffd7ba5598f498736d5eef96c311) Importer(815301076,1909f56bfc062723c751e8b465ee728b)
Number of updated assets reloaded before import = 0
Start importing Assets/Background/Medieval_pixel_art_asset_FREE/Tiles_free/Medieval_tiles_free2_47.asset using Guid(d6dcffd7ba5598f498736d5eef96c311) Importer(815301076,1909f56bfc062723c751e8b465ee728b)  -> (artifact id: '1e02ff19d7c13a8cfa491724fde93667') in 0.013290 seconds 
Number of asset objects unloaded after import = 3
========================================================================
Received Import Request.
  Time since last request: 0.000016 seconds.
  path: Assets/Background/Medieval_pixel_art_asset_FREE/Tiles_free/Medieval_tiles_free2_107.asset
  artifactKey: Guid(80ff01adb65a3e04bab350f2e930ede5) Importer(815301076,1909f56bfc062723c751e8b465ee728b)
Number of updated assets reloaded before import = 0
Start importing Assets/Background/Medieval_pixel_art_asset_FREE/Tiles_free/Medieval_tiles_free2_107.asset using Guid(80ff01adb65a3e04bab350f2e930ede5) Importer(815301076,1909f56bfc062723c751e8b465ee728b)  -> (artifact id: '3a916d59a59df4ce093446b975701601') in 0.013576 seconds 
Number of asset objects unloaded after import = 3
========================================================================
Received Import Request.
  Time since last request: 0.000016 seconds.
  path: Assets/Background/Medieval_pixel_art_asset_FREE/Tiles_free/Medieval_tiles_free2_61.asset
  artifactKey: Guid(1f5de28909e9756469cb72e199333498) Importer(815301076,1909f56bfc062723c751e8b465ee728b)
Number of updated assets reloaded before import = 0
Start importing Assets/Background/Medieval_pixel_art_asset_FREE/Tiles_free/Medieval_tiles_free2_61.asset using Guid(1f5de28909e9756469cb72e199333498) Importer(815301076,1909f56bfc062723c751e8b465ee728b)  -> (artifact id: '864b5f394dbdb0a6214ac3780b42ff56') in 0.013423 seconds 
Number of asset objects unloaded after import = 3
========================================================================
Received Import Request.
  Time since last request: 0.000023 seconds.
  path: Assets/Background/Medieval_pixel_art_asset_FREE/Tiles_free/Medieval_tiles_free2_157.asset
  artifactKey: Guid(5afcfd647aaa0b04f8b184668eac4994) Importer(815301076,1909f56bfc062723c751e8b465ee728b)
Number of updated assets reloaded before import = 0
Start importing Assets/Background/Medieval_pixel_art_asset_FREE/Tiles_free/Medieval_tiles_free2_157.asset using Guid(5afcfd647aaa0b04f8b184668eac4994) Importer(815301076,1909f56bfc062723c751e8b465ee728b)  -> (artifact id: '3c8ff61ba8f111bab3083bd4887da20d') in 0.015173 seconds 
Number of asset objects unloaded after import = 3
========================================================================
Received Import Request.
  Time since last request: 0.000028 seconds.
  path: Assets/Background/Medieval_pixel_art_asset_FREE/Tiles_free/Medieval_tiles_free2_113.asset
  artifactKey: Guid(dc3f66d233574ae409780b730a934931) Importer(815301076,1909f56bfc062723c751e8b465ee728b)
Number of updated assets reloaded before import = 0
Start importing Assets/Background/Medieval_pixel_art_asset_FREE/Tiles_free/Medieval_tiles_free2_113.asset using Guid(dc3f66d233574ae409780b730a934931) Importer(815301076,1909f56bfc062723c751e8b465ee728b)  -> (artifact id: '186e76cb239dbda6d06c69f9cd402e22') in 0.013171 seconds 
Number of asset objects unloaded after import = 3
========================================================================
Received Import Request.
  Time since last request: 0.000020 seconds.
  path: Assets/Background/Medieval_pixel_art_asset_FREE/Tiles_free/Medieval_tiles_free2_73.asset
  artifactKey: Guid(bac52dd12c309e5469d0092bc20ce68c) Importer(815301076,1909f56bfc062723c751e8b465ee728b)
Number of updated assets reloaded before import = 0
Start importing Assets/Background/Medieval_pixel_art_asset_FREE/Tiles_free/Medieval_tiles_free2_73.asset using Guid(bac52dd12c309e5469d0092bc20ce68c) Importer(815301076,1909f56bfc062723c751e8b465ee728b)  -> (artifact id: 'fb69fbff01b7b2afc1b8d6cbdc7b0b95') in 0.012820 seconds 
Number of asset objects unloaded after import = 3
========================================================================
Received Import Request.
  Time since last request: 0.000029 seconds.
  path: Assets/Background/Medieval_pixel_art_asset_FREE/Tiles_free/Medieval_tiles_free2_177.asset
  artifactKey: Guid(749041b5d3614d74cb8512f26714ab0b) Importer(815301076,1909f56bfc062723c751e8b465ee728b)
Number of updated assets reloaded before import = 0
Start importing Assets/Background/Medieval_pixel_art_asset_FREE/Tiles_free/Medieval_tiles_free2_177.asset using Guid(749041b5d3614d74cb8512f26714ab0b) Importer(815301076,1909f56bfc062723c751e8b465ee728b)  -> (artifact id: 'b45a75c1ee56c879257f4c1432519022') in 0.012920 seconds 
Number of asset objects unloaded after import = 3
========================================================================
Received Import Request.
  Time since last request: 0.000031 seconds.
  path: Assets/Background/Medieval_pixel_art_asset_FREE/Tiles_free/Medieval_tiles_free2_8.asset
  artifactKey: Guid(0e2cab3f02c7fb341a7d53298845604a) Importer(815301076,1909f56bfc062723c751e8b465ee728b)
Number of updated assets reloaded before import = 0
Start importing Assets/Background/Medieval_pixel_art_asset_FREE/Tiles_free/Medieval_tiles_free2_8.asset using Guid(0e2cab3f02c7fb341a7d53298845604a) Importer(815301076,1909f56bfc062723c751e8b465ee728b)  -> (artifact id: 'f6a347e7fc2e0c9faffcac4fd92bca4f') in 0.014270 seconds 
Number of asset objects unloaded after import = 3
========================================================================
Received Import Request.
  Time since last request: 0.000035 seconds.
  path: Assets/Background/Medieval_pixel_art_asset_FREE/Tiles_free/Medieval_tiles_free2_80.asset
  artifactKey: Guid(c20cd87475a4d694886b0e12e6045ce3) Importer(815301076,1909f56bfc062723c751e8b465ee728b)
Number of updated assets reloaded before import = 0
Start importing Assets/Background/Medieval_pixel_art_asset_FREE/Tiles_free/Medieval_tiles_free2_80.asset using Guid(c20cd87475a4d694886b0e12e6045ce3) Importer(815301076,1909f56bfc062723c751e8b465ee728b)  -> (artifact id: '59383e8821216f814bd38a12ecde1f9d') in 0.014411 seconds 
Number of asset objects unloaded after import = 3
========================================================================
Received Import Request.
  Time since last request: 0.000022 seconds.
  path: Assets/Background/Medieval_pixel_art_asset_FREE/Tiles_free/Medieval_tiles_free2_60.asset
  artifactKey: Guid(aa3f6a82a6124f74ab6a46e72846b500) Importer(815301076,1909f56bfc062723c751e8b465ee728b)
Number of updated assets reloaded before import = 0
Start importing Assets/Background/Medieval_pixel_art_asset_FREE/Tiles_free/Medieval_tiles_free2_60.asset using Guid(aa3f6a82a6124f74ab6a46e72846b500) Importer(815301076,1909f56bfc062723c751e8b465ee728b)  -> (artifact id: '855040edbb2a6c64d1cd93d30a8911de') in 0.016136 seconds 
Number of asset objects unloaded after import = 3
========================================================================
Received Import Request.
  Time since last request: 0.000018 seconds.
  path: Assets/Background/Medieval_pixel_art_asset_FREE/Tiles_free/Medieval_tiles_free2_52.asset
  artifactKey: Guid(c9ed40586f9a4c14b91c068d3541384c) Importer(815301076,1909f56bfc062723c751e8b465ee728b)
Number of updated assets reloaded before import = 0
Start importing Assets/Background/Medieval_pixel_art_asset_FREE/Tiles_free/Medieval_tiles_free2_52.asset using Guid(c9ed40586f9a4c14b91c068d3541384c) Importer(815301076,1909f56bfc062723c751e8b465ee728b)  -> (artifact id: '65b8b24d79b21319f418b76f91a0f187') in 0.014666 seconds 
Number of asset objects unloaded after import = 3
========================================================================
Received Import Request.
  Time since last request: 0.000015 seconds.
  path: Assets/Background/Medieval_pixel_art_asset_FREE/Tiles_free/Medieval_tiles_free2_82.asset
  artifactKey: Guid(1b51ee068d69a214386bdfe76ede6b26) Importer(815301076,1909f56bfc062723c751e8b465ee728b)
Number of updated assets reloaded before import = 0
Start importing Assets/Background/Medieval_pixel_art_asset_FREE/Tiles_free/Medieval_tiles_free2_82.asset using Guid(1b51ee068d69a214386bdfe76ede6b26) Importer(815301076,1909f56bfc062723c751e8b465ee728b)  -> (artifact id: '8b4c4e866b0a26e9266834ff7bb26006') in 0.013940 seconds 
Number of asset objects unloaded after import = 3
========================================================================
Received Import Request.
  Time since last request: 0.000018 seconds.
  path: Assets/Background/Medieval_pixel_art_asset_FREE/Tiles_free/Medieval_tiles_free2_33.asset
  artifactKey: Guid(4d39f938b384d774589f5eec56572f61) Importer(815301076,1909f56bfc062723c751e8b465ee728b)
Number of updated assets reloaded before import = 0
Start importing Assets/Background/Medieval_pixel_art_asset_FREE/Tiles_free/Medieval_tiles_free2_33.asset using Guid(4d39f938b384d774589f5eec56572f61) Importer(815301076,1909f56bfc062723c751e8b465ee728b)  -> (artifact id: 'b326ae384a92f527842111155031a32c') in 0.013282 seconds 
Number of asset objects unloaded after import = 3
========================================================================
Received Import Request.
  Time since last request: 0.000019 seconds.
  path: Assets/Background/Medieval_pixel_art_asset_FREE/Tiles_free/Medieval_tiles_free2_147.asset
  artifactKey: Guid(2f64576086942ad4b8a4b22acb0fe2c4) Importer(815301076,1909f56bfc062723c751e8b465ee728b)
Number of updated assets reloaded before import = 0
Start importing Assets/Background/Medieval_pixel_art_asset_FREE/Tiles_free/Medieval_tiles_free2_147.asset using Guid(2f64576086942ad4b8a4b22acb0fe2c4) Importer(815301076,1909f56bfc062723c751e8b465ee728b)  -> (artifact id: '1dc6afc9718e6be5f1d73a0553321597') in 0.013561 seconds 
Number of asset objects unloaded after import = 3
========================================================================
Received Import Request.
  Time since last request: 0.000018 seconds.
  path: Assets/Background/Medieval_pixel_art_asset_FREE/Tiles_free/Medieval_tiles_free2_128.asset
  artifactKey: Guid(eef859e546aa4e344829c5d95ad2eb16) Importer(815301076,1909f56bfc062723c751e8b465ee728b)
Number of updated assets reloaded before import = 0
Start importing Assets/Background/Medieval_pixel_art_asset_FREE/Tiles_free/Medieval_tiles_free2_128.asset using Guid(eef859e546aa4e344829c5d95ad2eb16) Importer(815301076,1909f56bfc062723c751e8b465ee728b)  -> (artifact id: '7b810fa89e012ddc6bc424a5ab0d35db') in 0.013330 seconds 
Number of asset objects unloaded after import = 3
========================================================================
Received Import Request.
  Time since last request: 0.000019 seconds.
  path: Assets/Background/Medieval_pixel_art_asset_FREE/Tiles_free/Medieval_tiles_free2_51.asset
  artifactKey: Guid(4f7b4c99fffee0a40876fadafdf9fcec) Importer(815301076,1909f56bfc062723c751e8b465ee728b)
Number of updated assets reloaded before import = 0
Start importing Assets/Background/Medieval_pixel_art_asset_FREE/Tiles_free/Medieval_tiles_free2_51.asset using Guid(4f7b4c99fffee0a40876fadafdf9fcec) Importer(815301076,1909f56bfc062723c751e8b465ee728b)  -> (artifact id: '014712cececfef3377a1b55da59b8d8e') in 0.018086 seconds 
Number of asset objects unloaded after import = 3
========================================================================
Received Import Request.
  Time since last request: 0.000028 seconds.
  path: Assets/Background/Medieval_pixel_art_asset_FREE/Tiles_free/Medieval_tiles_free2_165.asset
  artifactKey: Guid(abda9aa6300cb6f41b158d099eca5d4d) Importer(815301076,1909f56bfc062723c751e8b465ee728b)
Number of updated assets reloaded before import = 0
Start importing Assets/Background/Medieval_pixel_art_asset_FREE/Tiles_free/Medieval_tiles_free2_165.asset using Guid(abda9aa6300cb6f41b158d099eca5d4d) Importer(815301076,1909f56bfc062723c751e8b465ee728b)  -> (artifact id: 'be95d484084b3db15b620c9d332aa044') in 0.014051 seconds 
Number of asset objects unloaded after import = 3
========================================================================
Received Import Request.
  Time since last request: 0.000021 seconds.
  path: Assets/Background/Medieval_pixel_art_asset_FREE/Tiles_free/Medieval_tiles_free2_112.asset
  artifactKey: Guid(982914e9bf0c83f4581e24181e2b4ace) Importer(815301076,1909f56bfc062723c751e8b465ee728b)
Number of updated assets reloaded before import = 0
Start importing Assets/Background/Medieval_pixel_art_asset_FREE/Tiles_free/Medieval_tiles_free2_112.asset using Guid(982914e9bf0c83f4581e24181e2b4ace) Importer(815301076,1909f56bfc062723c751e8b465ee728b)  -> (artifact id: '102781a82115ef68c378a7e65a12e6d8') in 0.012789 seconds 
Number of asset objects unloaded after import = 3
========================================================================
Received Import Request.
  Time since last request: 0.000019 seconds.
  path: Assets/Background/Medieval_pixel_art_asset_FREE/Tiles_free/Medieval_tiles_free2_90.asset
  artifactKey: Guid(255eae3bf797af24bb0ed0670ff4d797) Importer(815301076,1909f56bfc062723c751e8b465ee728b)
Number of updated assets reloaded before import = 0
Start importing Assets/Background/Medieval_pixel_art_asset_FREE/Tiles_free/Medieval_tiles_free2_90.asset using Guid(255eae3bf797af24bb0ed0670ff4d797) Importer(815301076,1909f56bfc062723c751e8b465ee728b)  -> (artifact id: 'dfe1d23605c5f92efd1214174bbfb611') in 0.014280 seconds 
Number of asset objects unloaded after import = 3
========================================================================
Received Import Request.
  Time since last request: 0.000020 seconds.
  path: Assets/Background/Medieval_pixel_art_asset_FREE/Tiles_free/Medieval_tiles_free2_176.asset
  artifactKey: Guid(8ea73c297b68c374797183f91bcf4c57) Importer(815301076,1909f56bfc062723c751e8b465ee728b)
Number of updated assets reloaded before import = 0
Start importing Assets/Background/Medieval_pixel_art_asset_FREE/Tiles_free/Medieval_tiles_free2_176.asset using Guid(8ea73c297b68c374797183f91bcf4c57) Importer(815301076,1909f56bfc062723c751e8b465ee728b)  -> (artifact id: '5440e3e910155b3911f392dba4b1ff9e') in 0.015048 seconds 
Number of asset objects unloaded after import = 3
========================================================================
Received Import Request.
  Time since last request: 0.000027 seconds.
  path: Assets/Background/Medieval_pixel_art_asset_FREE/Tiles_free/Medieval_tiles_free2_99.asset
  artifactKey: Guid(c04fa706db18f354e973f5bf23f16f89) Importer(815301076,1909f56bfc062723c751e8b465ee728b)
Number of updated assets reloaded before import = 0
Start importing Assets/Background/Medieval_pixel_art_asset_FREE/Tiles_free/Medieval_tiles_free2_99.asset using Guid(c04fa706db18f354e973f5bf23f16f89) Importer(815301076,1909f56bfc062723c751e8b465ee728b)  -> (artifact id: 'e39eae5f1d7351e2161b35294b629d85') in 0.015935 seconds 
Number of asset objects unloaded after import = 3
========================================================================
Received Import Request.
  Time since last request: 0.000021 seconds.
  path: Assets/Background/Medieval_pixel_art_asset_FREE/Tiles_free/Medieval_tiles_free2_24.asset
  artifactKey: Guid(3ba78f7ac22c9d84caac47bf2347cb4c) Importer(815301076,1909f56bfc062723c751e8b465ee728b)
Number of updated assets reloaded before import = 0
Start importing Assets/Background/Medieval_pixel_art_asset_FREE/Tiles_free/Medieval_tiles_free2_24.asset using Guid(3ba78f7ac22c9d84caac47bf2347cb4c) Importer(815301076,1909f56bfc062723c751e8b465ee728b)  -> (artifact id: 'a6e2ab85bf779d733773a720743c53a0') in 0.012845 seconds 
Number of asset objects unloaded after import = 3
========================================================================
Received Import Request.
  Time since last request: 0.000039 seconds.
  path: Assets/Background/Medieval_pixel_art_asset_FREE/Tiles_free/Medieval_tiles_free2_85.asset
  artifactKey: Guid(727ee8fd8cdc7ea4ebbc3c59e527904d) Importer(815301076,1909f56bfc062723c751e8b465ee728b)
Number of updated assets reloaded before import = 0
Start importing Assets/Background/Medieval_pixel_art_asset_FREE/Tiles_free/Medieval_tiles_free2_85.asset using Guid(727ee8fd8cdc7ea4ebbc3c59e527904d) Importer(815301076,1909f56bfc062723c751e8b465ee728b)  -> (artifact id: '23a6519c8dfb8b1f3f50fec272dc6382') in 0.013861 seconds 
Number of asset objects unloaded after import = 3
========================================================================
Received Import Request.
  Time since last request: 0.000018 seconds.
  path: Assets/Background/Medieval_pixel_art_asset_FREE/Tiles_free/Medieval_tiles_free2_141.asset
  artifactKey: Guid(7132df73d3b7c064a99bfd90180b547c) Importer(815301076,1909f56bfc062723c751e8b465ee728b)
Number of updated assets reloaded before import = 0
Start importing Assets/Background/Medieval_pixel_art_asset_FREE/Tiles_free/Medieval_tiles_free2_141.asset using Guid(7132df73d3b7c064a99bfd90180b547c) Importer(815301076,1909f56bfc062723c751e8b465ee728b)  -> (artifact id: '14659512893683cb36e98e3b1355f960') in 0.014290 seconds 
Number of asset objects unloaded after import = 3
========================================================================
Received Import Request.
  Time since last request: 0.000015 seconds.
  path: Assets/Background/Medieval_pixel_art_asset_FREE/Tiles_free/Medieval_tiles_free2_117.asset
  artifactKey: Guid(c447d0d690519874a8ec153180b64379) Importer(815301076,1909f56bfc062723c751e8b465ee728b)
Number of updated assets reloaded before import = 0
Start importing Assets/Background/Medieval_pixel_art_asset_FREE/Tiles_free/Medieval_tiles_free2_117.asset using Guid(c447d0d690519874a8ec153180b64379) Importer(815301076,1909f56bfc062723c751e8b465ee728b)  -> (artifact id: '28825057624e1cd48422c0e7d7ca1652') in 0.015579 seconds 
Number of asset objects unloaded after import = 3
========================================================================
Received Import Request.
  Time since last request: 0.000018 seconds.
  path: Assets/Background/Medieval_pixel_art_asset_FREE/Tiles_free/Medieval_tiles_free2_13.asset
  artifactKey: Guid(6ac5fee16c2e8da4d91c8ad5aab85514) Importer(815301076,1909f56bfc062723c751e8b465ee728b)
Number of updated assets reloaded before import = 0
Start importing Assets/Background/Medieval_pixel_art_asset_FREE/Tiles_free/Medieval_tiles_free2_13.asset using Guid(6ac5fee16c2e8da4d91c8ad5aab85514) Importer(815301076,1909f56bfc062723c751e8b465ee728b)  -> (artifact id: '972cf847ad355c5b6806d2833a2fd67f') in 0.013668 seconds 
Number of asset objects unloaded after import = 3
========================================================================
Received Import Request.
  Time since last request: 0.000019 seconds.
  path: Assets/Background/Medieval_pixel_art_asset_FREE/Tiles_free/Medieval_tiles_free2_155.asset
  artifactKey: Guid(fa17457a5ccc7d746bdad9e715199991) Importer(815301076,1909f56bfc062723c751e8b465ee728b)
Number of updated assets reloaded before import = 0
Start importing Assets/Background/Medieval_pixel_art_asset_FREE/Tiles_free/Medieval_tiles_free2_155.asset using Guid(fa17457a5ccc7d746bdad9e715199991) Importer(815301076,1909f56bfc062723c751e8b465ee728b)  -> (artifact id: '67de51b8e08f3afaca7332d97554d319') in 0.014446 seconds 
Number of asset objects unloaded after import = 3
========================================================================
Received Import Request.
  Time since last request: 0.000021 seconds.
  path: Assets/Background/Medieval_pixel_art_asset_FREE/Tiles_free/Medieval_tiles_free2_64.asset
  artifactKey: Guid(44deb446fe8ddff42899a201ef75789a) Importer(815301076,1909f56bfc062723c751e8b465ee728b)
Number of updated assets reloaded before import = 0
Start importing Assets/Background/Medieval_pixel_art_asset_FREE/Tiles_free/Medieval_tiles_free2_64.asset using Guid(44deb446fe8ddff42899a201ef75789a) Importer(815301076,1909f56bfc062723c751e8b465ee728b)  -> (artifact id: '322c14a45e5d6eeed9ee2ccbda867af2') in 0.016684 seconds 
Number of asset objects unloaded after import = 3
========================================================================
Received Import Request.
  Time since last request: 0.000020 seconds.
  path: Assets/Background/Medieval_pixel_art_asset_FREE/Tiles_free/Medieval_tiles_free2_153.asset
  artifactKey: Guid(016dd1fa05139b84bb19f6093b8d47ad) Importer(815301076,1909f56bfc062723c751e8b465ee728b)
Number of updated assets reloaded before import = 0
Start importing Assets/Background/Medieval_pixel_art_asset_FREE/Tiles_free/Medieval_tiles_free2_153.asset using Guid(016dd1fa05139b84bb19f6093b8d47ad) Importer(815301076,1909f56bfc062723c751e8b465ee728b)  -> (artifact id: '82fbccdfb138c950d1668d7cb6688747') in 0.015858 seconds 
Number of asset objects unloaded after import = 3
========================================================================
Received Import Request.
  Time since last request: 0.000019 seconds.
  path: Assets/Background/Medieval_pixel_art_asset_FREE/Tiles_free/Medieval_tiles_free2_25.asset
  artifactKey: Guid(45b87adb5b36d1a419ec58982723b566) Importer(815301076,1909f56bfc062723c751e8b465ee728b)
Number of updated assets reloaded before import = 0
Start importing Assets/Background/Medieval_pixel_art_asset_FREE/Tiles_free/Medieval_tiles_free2_25.asset using Guid(45b87adb5b36d1a419ec58982723b566) Importer(815301076,1909f56bfc062723c751e8b465ee728b)  -> (artifact id: '31b9545c1facdb4226320293bf945ea1') in 0.015967 seconds 
Number of asset objects unloaded after import = 3
========================================================================
Received Import Request.
  Time since last request: 0.000017 seconds.
  path: Assets/Background/Medieval_pixel_art_asset_FREE/Tiles_free/Medieval_tiles_free2_27.asset
  artifactKey: Guid(e54df89b4f95dd74ba08f64cdf6af519) Importer(815301076,1909f56bfc062723c751e8b465ee728b)
Number of updated assets reloaded before import = 0
Start importing Assets/Background/Medieval_pixel_art_asset_FREE/Tiles_free/Medieval_tiles_free2_27.asset using Guid(e54df89b4f95dd74ba08f64cdf6af519) Importer(815301076,1909f56bfc062723c751e8b465ee728b)  -> (artifact id: '0719735f3fa549edfcf4c10628327ccd') in 0.012585 seconds 
Number of asset objects unloaded after import = 3
========================================================================
Received Import Request.
  Time since last request: 0.000027 seconds.
  path: Assets/Background/Medieval_pixel_art_asset_FREE/Tiles_free/Medieval_tiles_free2_94.asset
  artifactKey: Guid(afdf70666c9d9584aa92fb7d5195f52a) Importer(815301076,1909f56bfc062723c751e8b465ee728b)
Number of updated assets reloaded before import = 0
Start importing Assets/Background/Medieval_pixel_art_asset_FREE/Tiles_free/Medieval_tiles_free2_94.asset using Guid(afdf70666c9d9584aa92fb7d5195f52a) Importer(815301076,1909f56bfc062723c751e8b465ee728b)  -> (artifact id: '004b71cc20c037060968aeafdd41ef94') in 0.011992 seconds 
Number of asset objects unloaded after import = 3
Editor requested this worker to shutdown with reason: Scaling down because of idle timeout
AssetImportWorkerClient::OnTransportError - code=2 error=End of file
AssetImportWorker is now disconnected from the server
Process exiting
Exiting without the bug reporter. Application will terminate with return code 0