Using pre-set license
Built from '2021.3/staging' branch; Version is '2021.3.36f1 (7a0645017be0) revision 7996997'; Using compiler version '192829333'; Build Type 'Release'
OS: 'Windows 11  (10.0.26100) 64bit Education' Language: 'en' Physical Memory: 32683 MB
BatchMode: 1, IsHumanControllingUs: 0, StartBugReporterOnCrash: 0, Is64bit: 1, IsPro: 1

COMMAND LINE ARGUMENTS:
C:\Program Files\Unity\Hub\Editor\2021.3.36f1\Editor\Unity.exe
-adb2
-batchMode
-noUpm
-name
AssetImportWorker2
-projectPath
C:/Users/bon50111310/Documents/GitHub/UnemployedKingVII/Unemployment King VII
-logFile
Logs/AssetImportWorker2.log
-srvPort
53433
Successfully changed project path to: C:/Users/bon50111310/Documents/GitHub/UnemployedKingVII/Unemployment King VII
C:/Users/bon50111310/Documents/GitHub/UnemployedKingVII/Unemployment King VII
[UnityMemory] Configuration Parameters - Can be set up in boot.config
    "memorysetup-bucket-allocator-granularity=16"
    "memorysetup-bucket-allocator-bucket-count=8"
    "memorysetup-bucket-allocator-block-size=33554432"
    "memorysetup-bucket-allocator-block-count=8"
    "memorysetup-main-allocator-block-size=16777216"
    "memorysetup-thread-allocator-block-size=16777216"
    "memorysetup-gfx-main-allocator-block-size=16777216"
    "memorysetup-gfx-thread-allocator-block-size=16777216"
    "memorysetup-cache-allocator-block-size=4194304"
    "memorysetup-typetree-allocator-block-size=2097152"
    "memorysetup-profiler-bucket-allocator-granularity=16"
    "memorysetup-profiler-bucket-allocator-bucket-count=8"
    "memorysetup-profiler-bucket-allocator-block-size=33554432"
    "memorysetup-profiler-bucket-allocator-block-count=8"
    "memorysetup-profiler-allocator-block-size=16777216"
    "memorysetup-profiler-editor-allocator-block-size=1048576"
    "memorysetup-temp-allocator-size-main=16777216"
    "memorysetup-job-temp-allocator-block-size=2097152"
    "memorysetup-job-temp-allocator-block-size-background=1048576"
    "memorysetup-job-temp-allocator-reduction-small-platforms=262144"
    "memorysetup-temp-allocator-size-background-worker=32768"
    "memorysetup-temp-allocator-size-job-worker=262144"
    "memorysetup-temp-allocator-size-preload-manager=33554432"
    "memorysetup-temp-allocator-size-nav-mesh-worker=65536"
    "memorysetup-temp-allocator-size-audio-worker=65536"
    "memorysetup-temp-allocator-size-cloud-worker=32768"
    "memorysetup-temp-allocator-size-gi-baking-worker=262144"
    "memorysetup-temp-allocator-size-gfx=262144"
Player connection [23384] Host "[IP] 192.168.123.63 [Port] 0 [Flags] 2 [Guid] 3271045947 [EditorId] 3271045947 [Version] 1048832 [Id] WindowsEditor(7,e2-pc14) [Debug] 1 [PackageName] WindowsEditor [ProjectName] Editor" joined multi-casting on [225.0.0.222:54997]...

Player connection [23384] Host "[IP] 192.168.123.63 [Port] 0 [Flags] 2 [Guid] 3271045947 [EditorId] 3271045947 [Version] 1048832 [Id] WindowsEditor(7,e2-pc14) [Debug] 1 [PackageName] WindowsEditor [ProjectName] Editor" joined alternative multi-casting on [225.0.0.222:34997]...

[Physics::Module] Initialized MultithreadedJobDispatcher with {0} workers.
Refreshing native plugins compatible for Editor in 133.07 ms, found 4 plugins.
Preloading 0 native plugins for Editor in 0.00 ms.
Initialize engine version: 2021.3.36f1 (7a0645017be0)
[Subsystems] Discovering subsystems at path C:/Program Files/Unity/Hub/Editor/2021.3.36f1/Editor/Data/Resources/UnitySubsystems
[Subsystems] Discovering subsystems at path C:/Users/bon50111310/Documents/GitHub/UnemployedKingVII/Unemployment King VII/Assets
GfxDevice: creating device client; threaded=0; jobified=0
Direct3D:
    Version:  Direct3D 11.0 [level 11.1]
    Renderer: NVIDIA GeForce GTX 1660 SUPER (ID=0x21c4)
    Vendor:   NVIDIA
    VRAM:     5966 MB
    Driver:   32.0.15.7216
Initialize mono
Mono path[0] = 'C:/Program Files/Unity/Hub/Editor/2021.3.36f1/Editor/Data/Managed'
Mono path[1] = 'C:/Program Files/Unity/Hub/Editor/2021.3.36f1/Editor/Data/MonoBleedingEdge/lib/mono/unityjit-win32'
Mono config path = 'C:/Program Files/Unity/Hub/Editor/2021.3.36f1/Editor/Data/MonoBleedingEdge/etc'
Using monoOptions --debugger-agent=transport=dt_socket,embedding=1,server=y,suspend=n,address=127.0.0.1:56692
Begin MonoManager ReloadAssembly
Registering precompiled unity dll's ...
Register platform support module: C:/Program Files/Unity/Hub/Editor/2021.3.36f1/Editor/Data/PlaybackEngines/WebGLSupport/UnityEditor.WebGL.Extensions.dll
Register platform support module: C:/Program Files/Unity/Hub/Editor/2021.3.36f1/Editor/Data/PlaybackEngines/MacStandaloneSupport/UnityEditor.OSXStandalone.Extensions.dll
Register platform support module: C:/Program Files/Unity/Hub/Editor/2021.3.36f1/Editor/Data/PlaybackEngines/AndroidPlayer/UnityEditor.Android.Extensions.dll
Register platform support module: C:/Program Files/Unity/Hub/Editor/2021.3.36f1/Editor/Data/PlaybackEngines/iOSSupport/UnityEditor.iOS.Extensions.dll
Register platform support module: C:/Program Files/Unity/Hub/Editor/2021.3.36f1/Editor/Data/PlaybackEngines/AppleTVSupport/UnityEditor.AppleTV.Extensions.dll
Register platform support module: C:/Program Files/Unity/Hub/Editor/2021.3.36f1/Editor/Data/PlaybackEngines/WindowsStandaloneSupport/UnityEditor.WindowsStandalone.Extensions.dll
Register platform support module: C:/Program Files/Unity/Hub/Editor/2021.3.36f1/Editor/Data/PlaybackEngines/LinuxStandaloneSupport/UnityEditor.LinuxStandalone.Extensions.dll
Register platform support module: C:/Program Files/Unity/Hub/Editor/2021.3.36f1/Editor/Data/PlaybackEngines/MetroSupport/UnityEditor.UWP.Extensions.dll
Registered in 0.008828 seconds.
Native extension for UWP target not found
Native extension for LinuxStandalone target not found
Native extension for WindowsStandalone target not found
[usbmuxd] Start listen thread
[usbmuxd] Listen thread started
Native extension for AppleTV target not found
[usbmuxd] Start listen thread
[usbmuxd] Listen thread started
Native extension for iOS target not found
Native extension for Android target not found
Android Extension - Scanning For ADB Devices 177 ms
Native extension for OSXStandalone target not found
Native extension for WebGL target not found
Refreshing native plugins compatible for Editor in 127.80 ms, found 4 plugins.
Preloading 0 native plugins for Editor in 0.00 ms.
Mono: successfully reloaded assembly
- Completed reload, in  0.909 seconds
Domain Reload Profiling:
	ReloadAssembly (909ms)
		BeginReloadAssembly (84ms)
			ExecutionOrderSort (0ms)
			DisableScriptedObjects (0ms)
			BackupInstance (0ms)
			ReleaseScriptingObjects (0ms)
			CreateAndSetChildDomain (1ms)
		EndReloadAssembly (736ms)
			LoadAssemblies (84ms)
			RebuildTransferFunctionScriptingTraits (0ms)
			SetupTypeCache (102ms)
			ReleaseScriptCaches (0ms)
			RebuildScriptCaches (27ms)
			SetupLoadedEditorAssemblies (569ms)
				LogAssemblyErrors (0ms)
				InitializePlatformSupportModulesInManaged (322ms)
				SetLoadedEditorAssemblies (0ms)
				RefreshPlugins (128ms)
				BeforeProcessingInitializeOnLoad (1ms)
				ProcessInitializeOnLoadAttributes (81ms)
				ProcessInitializeOnLoadMethodAttributes (37ms)
				AfterProcessingInitializeOnLoad (0ms)
				EditorAssembliesLoaded (0ms)
			ExecutionOrderSort2 (0ms)
			AwakeInstancesAfterBackupRestoration (0ms)
Platform modules already initialized, skipping
Registering precompiled user dll's ...
Registered in 0.006639 seconds.
Begin MonoManager ReloadAssembly
Native extension for UWP target not found
Native extension for LinuxStandalone target not found
Native extension for WindowsStandalone target not found
Native extension for AppleTV target not found
Native extension for iOS target not found
Native extension for Android target not found
Native extension for OSXStandalone target not found
Native extension for WebGL target not found
Refreshing native plugins compatible for Editor in 130.78 ms, found 4 plugins.
Preloading 0 native plugins for Editor in 0.00 ms.
Package Manager log level set to [2]
[Package Manager] Server::EnsureServerProcessIsRunning -- launch failed, reason: Unity was launched with the -noUpm command-line argument
[Package Manager] Cannot connect to Unity Package Manager local server
Mono: successfully reloaded assembly
- Completed reload, in  1.666 seconds
Domain Reload Profiling:
	ReloadAssembly (1667ms)
		BeginReloadAssembly (112ms)
			ExecutionOrderSort (0ms)
			DisableScriptedObjects (5ms)
			BackupInstance (0ms)
			ReleaseScriptingObjects (0ms)
			CreateAndSetChildDomain (16ms)
		EndReloadAssembly (1456ms)
			LoadAssemblies (101ms)
			RebuildTransferFunctionScriptingTraits (0ms)
			SetupTypeCache (265ms)
			ReleaseScriptCaches (1ms)
			RebuildScriptCaches (67ms)
			SetupLoadedEditorAssemblies (989ms)
				LogAssemblyErrors (0ms)
				InitializePlatformSupportModulesInManaged (33ms)
				SetLoadedEditorAssemblies (0ms)
				RefreshPlugins (131ms)
				BeforeProcessingInitializeOnLoad (119ms)
				ProcessInitializeOnLoadAttributes (601ms)
				ProcessInitializeOnLoadMethodAttributes (99ms)
				AfterProcessingInitializeOnLoad (6ms)
				EditorAssembliesLoaded (0ms)
			ExecutionOrderSort2 (0ms)
			AwakeInstancesAfterBackupRestoration (5ms)
Platform modules already initialized, skipping
========================================================================
Worker process is ready to serve import requests
Launched and connected shader compiler UnityShaderCompiler.exe after 0.03 seconds
Refreshing native plugins compatible for Editor in 2.02 ms, found 4 plugins.
Preloading 0 native plugins for Editor in 0.00 ms.
Unloading 5653 Unused Serialized files (Serialized files now loaded: 0)
Unloading 55 unused Assets / (0.8 MB). Loaded Objects now: 6108.
Memory consumption went from 236.9 MB to 236.1 MB.
Total: 3.880400 ms (FindLiveObjects: 0.440000 ms CreateObjectMapping: 0.455200 ms MarkObjects: 2.664000 ms  DeleteObjects: 0.320400 ms)

AssetImportParameters requested are different than current active one (requested -> active):
  custom:video-decoder-ogg-theora: a1e56fd34408186e4bbccfd4996cb3dc -> 
  custom:container-muxer-webm: aa71ff27fc2769a1b78a27578f13a17b -> 
  custom:container-demuxer-webm: 4f35f7cbe854078d1ac9338744f61a02 -> 
  custom:video-encoder-webm-vp8: eb34c28f22e8b96e1ab97ce403110664 -> 
  custom:video-codec-MediaFoundation-h265: 746d11721c4dcdbdad8f713fa42b33f4 -> 
  custom:CustomObjectIndexerAttribute: 6b0e35c9178b02a6363f3721b7b8e397 -> 
  custom:audio-encoder-webm-vorbis: bf7c407c2cedff20999df2af8eb42d56 -> 
  custom:framework-win-MediaFoundation: 216162199b28c13a410421893ffa2e32 -> 
  custom:SearchIndexIgnoredProperties: e643bd26f0fe6173181afceb89e7c659 -> 
  custom:container-demuxer-ogg: 62fdf1f143b41e24485cea50d1cbac27 -> 
  custom:video-decoder-webm-vp8: 9c59270c3fd7afecdb556c50c9e8de78 -> 
  custom:audio-decoder-ogg-vorbis: bf7c407c2cedff20999df2af8eb42d56 -> 
========================================================================
Received Import Request.
  Time since last request: 27617.963876 seconds.
  path: Assets/Sprites/Potion and Animations Sprites/Pixel Potion Pack - Animated/Sprites/Round Potion/YELLOW/Sprites/Round Potion - YELLOW - 0000.png
  artifactKey: Guid(69ec286fa8b64af46bd508ccc45e2f39) Importer(815301076,1909f56bfc062723c751e8b465ee728b)
Number of updated assets reloaded before import = 0
Start importing Assets/Sprites/Potion and Animations Sprites/Pixel Potion Pack - Animated/Sprites/Round Potion/YELLOW/Sprites/Round Potion - YELLOW - 0000.png using Guid(69ec286fa8b64af46bd508ccc45e2f39) Importer(815301076,1909f56bfc062723c751e8b465ee728b)  -> (artifact id: 'bc3bcab3e0a7eb091e53339a9231a365') in 0.091577 seconds 
Number of asset objects unloaded after import = 3
========================================================================
Received Import Request.
  Time since last request: 0.000023 seconds.
  path: Assets/Sprites/Potion and Animations Sprites/Pixel Potion Pack - Animated/Sprites/Round Potion/YELLOW/Sprites/Round Potion - YELLOW - 0004.png
  artifactKey: Guid(698456ae328abbc40b6d9bc29b42784e) Importer(815301076,1909f56bfc062723c751e8b465ee728b)
Number of updated assets reloaded before import = 0
Start importing Assets/Sprites/Potion and Animations Sprites/Pixel Potion Pack - Animated/Sprites/Round Potion/YELLOW/Sprites/Round Potion - YELLOW - 0004.png using Guid(698456ae328abbc40b6d9bc29b42784e) Importer(815301076,1909f56bfc062723c751e8b465ee728b)  -> (artifact id: '96609eb42055b6a2d630cf0cea4e2d15') in 0.022325 seconds 
Number of asset objects unloaded after import = 3
========================================================================
Received Import Request.
  Time since last request: 0.000019 seconds.
  path: Assets/Sprites/Potion and Animations Sprites/Pixel Potion Pack - Animated/Sprites/Round Potion/YELLOW/Sprites/Round Potion - YELLOW - 0010.png
  artifactKey: Guid(036ebf6df2117514cb54e84ed4859bfe) Importer(815301076,1909f56bfc062723c751e8b465ee728b)
Number of updated assets reloaded before import = 0
Start importing Assets/Sprites/Potion and Animations Sprites/Pixel Potion Pack - Animated/Sprites/Round Potion/YELLOW/Sprites/Round Potion - YELLOW - 0010.png using Guid(036ebf6df2117514cb54e84ed4859bfe) Importer(815301076,1909f56bfc062723c751e8b465ee728b)  -> (artifact id: '871f70fbfc27a8b60651100b519d0deb') in 0.016885 seconds 
Number of asset objects unloaded after import = 3
========================================================================
Received Import Request.
  Time since last request: 0.000022 seconds.
  path: Assets/Sprites/Potion and Animations Sprites/Pixel Potion Pack - Animated/Sprites/Round Potion/YELLOW/Sprites/Round Potion - YELLOW - 0009.png
  artifactKey: Guid(26744ec171f99424495db3ad7651b5af) Importer(815301076,1909f56bfc062723c751e8b465ee728b)
Number of updated assets reloaded before import = 0
Start importing Assets/Sprites/Potion and Animations Sprites/Pixel Potion Pack - Animated/Sprites/Round Potion/YELLOW/Sprites/Round Potion - YELLOW - 0009.png using Guid(26744ec171f99424495db3ad7651b5af) Importer(815301076,1909f56bfc062723c751e8b465ee728b)  -> (artifact id: '0e78dfd153fce380d4f55eeeb2fd93f6') in 0.014190 seconds 
Number of asset objects unloaded after import = 3
========================================================================
Received Import Request.
  Time since last request: 5.135588 seconds.
  path: Assets/Sprites/Potion and Animations Sprites/Pixel Potion Pack - Animated/Sprites/Round Potion/RED/Sprites/Round Potion - RED - 0007.png
  artifactKey: Guid(018972651e4c67148a88a1d3d7d4d510) Importer(815301076,1909f56bfc062723c751e8b465ee728b)
Number of updated assets reloaded before import = 0
Start importing Assets/Sprites/Potion and Animations Sprites/Pixel Potion Pack - Animated/Sprites/Round Potion/RED/Sprites/Round Potion - RED - 0007.png using Guid(018972651e4c67148a88a1d3d7d4d510) Importer(815301076,1909f56bfc062723c751e8b465ee728b)  -> (artifact id: '27cdaede6b10916dd8bd2c8fbc5a3a40') in 0.023848 seconds 
Number of asset objects unloaded after import = 3
========================================================================
Received Import Request.
  Time since last request: 0.000015 seconds.
  path: Assets/Sprites/Potion and Animations Sprites/Pixel Potion Pack - Animated/Sprites/Round Potion/RED/Round Potion - RED - Spritesheet.png
  artifactKey: Guid(ccbfc969f39296043a0b9af1800fc9d3) Importer(815301076,1909f56bfc062723c751e8b465ee728b)
Number of updated assets reloaded before import = 0
Start importing Assets/Sprites/Potion and Animations Sprites/Pixel Potion Pack - Animated/Sprites/Round Potion/RED/Round Potion - RED - Spritesheet.png using Guid(ccbfc969f39296043a0b9af1800fc9d3) Importer(815301076,1909f56bfc062723c751e8b465ee728b)  -> (artifact id: '660629cd93f667255130b65173e90271') in 0.027627 seconds 
Number of asset objects unloaded after import = 3
========================================================================
Received Import Request.
  Time since last request: 0.000020 seconds.
  path: Assets/Sprites/Potion and Animations Sprites/Pixel Potion Pack - Animated/Sprites/Round Potion/RED/Sprites/Round Potion - RED - 0010.png
  artifactKey: Guid(8bf25b38190aac14c8341664ca9ae468) Importer(815301076,1909f56bfc062723c751e8b465ee728b)
Number of updated assets reloaded before import = 0
Start importing Assets/Sprites/Potion and Animations Sprites/Pixel Potion Pack - Animated/Sprites/Round Potion/RED/Sprites/Round Potion - RED - 0010.png using Guid(8bf25b38190aac14c8341664ca9ae468) Importer(815301076,1909f56bfc062723c751e8b465ee728b)  -> (artifact id: '651ccfcfdeb865fb4a826e3d01058104') in 0.022232 seconds 
Number of asset objects unloaded after import = 3
========================================================================
Received Import Request.
  Time since last request: 10.874549 seconds.
  path: Assets/Sprites/Potion and Animations Sprites/Pixel Potion Pack - Animated/Sprites/Round Potion/PURPLE/Sprites/Round Potion - PURPLE - 0003.png
  artifactKey: Guid(b19fb926665b4b54db6015beb6e7a3aa) Importer(815301076,1909f56bfc062723c751e8b465ee728b)
Number of updated assets reloaded before import = 0
Start importing Assets/Sprites/Potion and Animations Sprites/Pixel Potion Pack - Animated/Sprites/Round Potion/PURPLE/Sprites/Round Potion - PURPLE - 0003.png using Guid(b19fb926665b4b54db6015beb6e7a3aa) Importer(815301076,1909f56bfc062723c751e8b465ee728b)  -> (artifact id: '04db210af985e0df553284f9b463f8b7') in 0.021854 seconds 
Number of asset objects unloaded after import = 3
========================================================================
Received Import Request.
  Time since last request: 0.000013 seconds.
  path: Assets/Sprites/Potion and Animations Sprites/Pixel Potion Pack - Animated/Sprites/Round Potion/PURPLE/Sprites/Round Potion - PURPLE - 0006.png
  artifactKey: Guid(e91d7c918ce66c24796a5b8d32280287) Importer(815301076,1909f56bfc062723c751e8b465ee728b)
Number of updated assets reloaded before import = 0
Start importing Assets/Sprites/Potion and Animations Sprites/Pixel Potion Pack - Animated/Sprites/Round Potion/PURPLE/Sprites/Round Potion - PURPLE - 0006.png using Guid(e91d7c918ce66c24796a5b8d32280287) Importer(815301076,1909f56bfc062723c751e8b465ee728b)  -> (artifact id: '2ffbb33ef9d09de2086d7d9aa9b02ff0') in 0.023348 seconds 
Number of asset objects unloaded after import = 3
========================================================================
Received Import Request.
  Time since last request: 0.000017 seconds.
  path: Assets/Sprites/Potion and Animations Sprites/Pixel Potion Pack - Animated/Sprites/Round Potion/PURPLE/Sprites/Round Potion - PURPLE - 0009.png
  artifactKey: Guid(0f37b633f40693d4582cd23e3f9fbdd4) Importer(815301076,1909f56bfc062723c751e8b465ee728b)
Number of updated assets reloaded before import = 0
Start importing Assets/Sprites/Potion and Animations Sprites/Pixel Potion Pack - Animated/Sprites/Round Potion/PURPLE/Sprites/Round Potion - PURPLE - 0009.png using Guid(0f37b633f40693d4582cd23e3f9fbdd4) Importer(815301076,1909f56bfc062723c751e8b465ee728b)  -> (artifact id: 'eed0fbbfbb7c1560477c5c1612a9e8a7') in 0.017212 seconds 
Number of asset objects unloaded after import = 3
========================================================================
Received Import Request.
  Time since last request: 0.000017 seconds.
  path: Assets/Sprites/Potion and Animations Sprites/Pixel Potion Pack - Animated/Sprites/Round Potion/PURPLE/Sprites/Round Potion - PURPLE - 0010.png
  artifactKey: Guid(6f97fc0ac51a29c4e8d13bebff8a0f41) Importer(815301076,1909f56bfc062723c751e8b465ee728b)
Number of updated assets reloaded before import = 0
Start importing Assets/Sprites/Potion and Animations Sprites/Pixel Potion Pack - Animated/Sprites/Round Potion/PURPLE/Sprites/Round Potion - PURPLE - 0010.png using Guid(6f97fc0ac51a29c4e8d13bebff8a0f41) Importer(815301076,1909f56bfc062723c751e8b465ee728b)  -> (artifact id: 'da891c7cd56ceb2cc45908afd041959d') in 0.021796 seconds 
Number of asset objects unloaded after import = 3
========================================================================
Received Import Request.
  Time since last request: 10.082679 seconds.
  path: Assets/Sprites/Potion and Animations Sprites/Pixel Potion Pack - Animated/Sprites/Round Potion/TURQUOISE/Sprites/Round Potion - TURQUOISE - 0000.png
  artifactKey: Guid(3a81083baa728f144b860e42fe63e488) Importer(815301076,1909f56bfc062723c751e8b465ee728b)
Number of updated assets reloaded before import = 0
Start importing Assets/Sprites/Potion and Animations Sprites/Pixel Potion Pack - Animated/Sprites/Round Potion/TURQUOISE/Sprites/Round Potion - TURQUOISE - 0000.png using Guid(3a81083baa728f144b860e42fe63e488) Importer(815301076,1909f56bfc062723c751e8b465ee728b)  -> (artifact id: '063852817a62e1e1d3fc154ea46b438b') in 0.016740 seconds 
Number of asset objects unloaded after import = 3
========================================================================
Received Import Request.
  Time since last request: 0.000014 seconds.
  path: Assets/Sprites/Potion and Animations Sprites/Pixel Potion Pack - Animated/Sprites/Round Potion/TURQUOISE/Sprites/Round Potion - TURQUOISE - 0003.png
  artifactKey: Guid(f62d742a8b7ca254187b9ef45fa4b927) Importer(815301076,1909f56bfc062723c751e8b465ee728b)
Number of updated assets reloaded before import = 0
Start importing Assets/Sprites/Potion and Animations Sprites/Pixel Potion Pack - Animated/Sprites/Round Potion/TURQUOISE/Sprites/Round Potion - TURQUOISE - 0003.png using Guid(f62d742a8b7ca254187b9ef45fa4b927) Importer(815301076,1909f56bfc062723c751e8b465ee728b)  -> (artifact id: '41b4b3df6a2d5644c395405a9f072d56') in 0.015889 seconds 
Number of asset objects unloaded after import = 3
========================================================================
Received Import Request.
  Time since last request: 0.000021 seconds.
  path: Assets/Sprites/Potion and Animations Sprites/Pixel Potion Pack - Animated/Sprites/Round Potion/TURQUOISE/Sprites/Round Potion - TURQUOISE - 0006.png
  artifactKey: Guid(2813ecdbf1ac3914c9dfa522b117e6f8) Importer(815301076,1909f56bfc062723c751e8b465ee728b)
Number of updated assets reloaded before import = 0
Start importing Assets/Sprites/Potion and Animations Sprites/Pixel Potion Pack - Animated/Sprites/Round Potion/TURQUOISE/Sprites/Round Potion - TURQUOISE - 0006.png using Guid(2813ecdbf1ac3914c9dfa522b117e6f8) Importer(815301076,1909f56bfc062723c751e8b465ee728b)  -> (artifact id: '082a5e2451200dec0bcd8a8620cc7d02') in 0.014212 seconds 
Number of asset objects unloaded after import = 3
========================================================================
Received Import Request.
  Time since last request: 33.609535 seconds.
  path: Assets/Sprites/Potion and Animations Sprites/Pixel Potion Pack - Animated/Sprites/Round Potion/TURQUOISE/Sprites/Round Potion - TURQUOISE - 0007.png
  artifactKey: Guid(ba259591f124e054c80ddd639ed135b3) Importer(815301076,1909f56bfc062723c751e8b465ee728b)
Number of updated assets reloaded before import = 0
Start importing Assets/Sprites/Potion and Animations Sprites/Pixel Potion Pack - Animated/Sprites/Round Potion/TURQUOISE/Sprites/Round Potion - TURQUOISE - 0007.png using Guid(ba259591f124e054c80ddd639ed135b3) Importer(815301076,1909f56bfc062723c751e8b465ee728b)  -> (artifact id: 'eaaaa8df5cfc03dc960699d94b042b6c') in 0.022302 seconds 
Number of asset objects unloaded after import = 3
========================================================================
Received Import Request.
  Time since last request: 0.000014 seconds.
  path: Assets/Sprites/Potion and Animations Sprites/Pixel Potion Pack - Animated/Sprites/Round Potion/TURQUOISE/Sprites/Round Potion - TURQUOISE - 0012.png
  artifactKey: Guid(ad8c1d37b68ce714b99baec442099500) Importer(815301076,1909f56bfc062723c751e8b465ee728b)
Number of updated assets reloaded before import = 0
Start importing Assets/Sprites/Potion and Animations Sprites/Pixel Potion Pack - Animated/Sprites/Round Potion/TURQUOISE/Sprites/Round Potion - TURQUOISE - 0012.png using Guid(ad8c1d37b68ce714b99baec442099500) Importer(815301076,1909f56bfc062723c751e8b465ee728b)  -> (artifact id: '2c4b746770a5b765f697d9fdea8d1f5d') in 0.014666 seconds 
Number of asset objects unloaded after import = 3
Editor requested this worker to shutdown with reason: Scaling down because of idle timeout
AssetImportWorker is now disconnected from the server
Process exiting
Exiting without the bug reporter. Application will terminate with return code 0