Using pre-set license
Built from '2021.3/staging' branch; Version is '2021.3.36f1 (7a0645017be0) revision 7996997'; Using compiler version '192829333'; Build Type 'Release'
OS: 'Windows 11  (10.0.26100) 64bit Education' Language: 'en' Physical Memory: 32683 MB
BatchMode: 1, IsHumanControllingUs: 0, StartBugReporterOnCrash: 0, Is64bit: 1, IsPro: 1

COMMAND LINE ARGUMENTS:
C:\Program Files\Unity\Hub\Editor\2021.3.36f1\Editor\Unity.exe
-adb2
-batchMode
-noUpm
-name
AssetImportWorker5
-projectPath
C:/Users/RAM50115526/Documents/GitHub/UnemployedKingVII/Unemployment King VII
-logFile
Logs/AssetImportWorker5.log
-srvPort
57783
Successfully changed project path to: C:/Users/RAM50115526/Documents/GitHub/UnemployedKingVII/Unemployment King VII
C:/Users/RAM50115526/Documents/GitHub/UnemployedKingVII/Unemployment King VII
[UnityMemory] Configuration Parameters - Can be set up in boot.config
    "memorysetup-bucket-allocator-granularity=16"
    "memorysetup-bucket-allocator-bucket-count=8"
    "memorysetup-bucket-allocator-block-size=33554432"
    "memorysetup-bucket-allocator-block-count=8"
    "memorysetup-main-allocator-block-size=16777216"
    "memorysetup-thread-allocator-block-size=16777216"
    "memorysetup-gfx-main-allocator-block-size=16777216"
    "memorysetup-gfx-thread-allocator-block-size=16777216"
    "memorysetup-cache-allocator-block-size=4194304"
    "memorysetup-typetree-allocator-block-size=2097152"
    "memorysetup-profiler-bucket-allocator-granularity=16"
    "memorysetup-profiler-bucket-allocator-bucket-count=8"
    "memorysetup-profiler-bucket-allocator-block-size=33554432"
    "memorysetup-profiler-bucket-allocator-block-count=8"
    "memorysetup-profiler-allocator-block-size=16777216"
    "memorysetup-profiler-editor-allocator-block-size=1048576"
    "memorysetup-temp-allocator-size-main=16777216"
    "memorysetup-job-temp-allocator-block-size=2097152"
    "memorysetup-job-temp-allocator-block-size-background=1048576"
    "memorysetup-job-temp-allocator-reduction-small-platforms=262144"
    "memorysetup-temp-allocator-size-background-worker=32768"
    "memorysetup-temp-allocator-size-job-worker=262144"
    "memorysetup-temp-allocator-size-preload-manager=33554432"
    "memorysetup-temp-allocator-size-nav-mesh-worker=65536"
    "memorysetup-temp-allocator-size-audio-worker=65536"
    "memorysetup-temp-allocator-size-cloud-worker=32768"
    "memorysetup-temp-allocator-size-gi-baking-worker=262144"
    "memorysetup-temp-allocator-size-gfx=262144"
Player connection [19700] Host "[IP] 192.168.123.58 [Port] 0 [Flags] 2 [Guid] 2634031188 [EditorId] 2634031188 [Version] 1048832 [Id] WindowsEditor(7,e2-pc15) [Debug] 1 [PackageName] WindowsEditor [ProjectName] Editor" joined multi-casting on [225.0.0.222:54997]...

Player connection [19700] Host "[IP] 192.168.123.58 [Port] 0 [Flags] 2 [Guid] 2634031188 [EditorId] 2634031188 [Version] 1048832 [Id] WindowsEditor(7,e2-pc15) [Debug] 1 [PackageName] WindowsEditor [ProjectName] Editor" joined alternative multi-casting on [225.0.0.222:34997]...

[Physics::Module] Initialized MultithreadedJobDispatcher with {0} workers.
Refreshing native plugins compatible for Editor in 135.18 ms, found 4 plugins.
Preloading 0 native plugins for Editor in 0.00 ms.
Initialize engine version: 2021.3.36f1 (7a0645017be0)
[Subsystems] Discovering subsystems at path C:/Program Files/Unity/Hub/Editor/2021.3.36f1/Editor/Data/Resources/UnitySubsystems
[Subsystems] Discovering subsystems at path C:/Users/RAM50115526/Documents/GitHub/UnemployedKingVII/Unemployment King VII/Assets
GfxDevice: creating device client; threaded=0; jobified=0
Direct3D:
    Version:  Direct3D 11.0 [level 11.1]
    Renderer: NVIDIA GeForce GTX 1660 SUPER (ID=0x21c4)
    Vendor:   NVIDIA
    VRAM:     5966 MB
    Driver:   32.0.15.7216
Initialize mono
Mono path[0] = 'C:/Program Files/Unity/Hub/Editor/2021.3.36f1/Editor/Data/Managed'
Mono path[1] = 'C:/Program Files/Unity/Hub/Editor/2021.3.36f1/Editor/Data/MonoBleedingEdge/lib/mono/unityjit-win32'
Mono config path = 'C:/Program Files/Unity/Hub/Editor/2021.3.36f1/Editor/Data/MonoBleedingEdge/etc'
Using monoOptions --debugger-agent=transport=dt_socket,embedding=1,server=y,suspend=n,address=127.0.0.1:56828
Begin MonoManager ReloadAssembly
Registering precompiled unity dll's ...
Register platform support module: C:/Program Files/Unity/Hub/Editor/2021.3.36f1/Editor/Data/PlaybackEngines/WebGLSupport/UnityEditor.WebGL.Extensions.dll
Register platform support module: C:/Program Files/Unity/Hub/Editor/2021.3.36f1/Editor/Data/PlaybackEngines/MacStandaloneSupport/UnityEditor.OSXStandalone.Extensions.dll
Register platform support module: C:/Program Files/Unity/Hub/Editor/2021.3.36f1/Editor/Data/PlaybackEngines/AndroidPlayer/UnityEditor.Android.Extensions.dll
Register platform support module: C:/Program Files/Unity/Hub/Editor/2021.3.36f1/Editor/Data/PlaybackEngines/iOSSupport/UnityEditor.iOS.Extensions.dll
Register platform support module: C:/Program Files/Unity/Hub/Editor/2021.3.36f1/Editor/Data/PlaybackEngines/AppleTVSupport/UnityEditor.AppleTV.Extensions.dll
Register platform support module: C:/Program Files/Unity/Hub/Editor/2021.3.36f1/Editor/Data/PlaybackEngines/WindowsStandaloneSupport/UnityEditor.WindowsStandalone.Extensions.dll
Register platform support module: C:/Program Files/Unity/Hub/Editor/2021.3.36f1/Editor/Data/PlaybackEngines/LinuxStandaloneSupport/UnityEditor.LinuxStandalone.Extensions.dll
Register platform support module: C:/Program Files/Unity/Hub/Editor/2021.3.36f1/Editor/Data/PlaybackEngines/MetroSupport/UnityEditor.UWP.Extensions.dll
Registered in 0.012153 seconds.
Native extension for UWP target not found
Native extension for LinuxStandalone target not found
Native extension for WindowsStandalone target not found
[usbmuxd] Start listen thread
[usbmuxd] Listen thread started
Native extension for AppleTV target not found
[usbmuxd] Start listen thread
[usbmuxd] Listen thread started
Native extension for iOS target not found
Native extension for Android target not found
Android Extension - Scanning For ADB Devices 205 ms
Native extension for OSXStandalone target not found
Native extension for WebGL target not found
Refreshing native plugins compatible for Editor in 128.03 ms, found 4 plugins.
Preloading 0 native plugins for Editor in 0.00 ms.
Mono: successfully reloaded assembly
- Completed reload, in  0.951 seconds
Domain Reload Profiling:
	ReloadAssembly (952ms)
		BeginReloadAssembly (89ms)
			ExecutionOrderSort (0ms)
			DisableScriptedObjects (0ms)
			BackupInstance (0ms)
			ReleaseScriptingObjects (0ms)
			CreateAndSetChildDomain (1ms)
		EndReloadAssembly (768ms)
			LoadAssemblies (88ms)
			RebuildTransferFunctionScriptingTraits (0ms)
			SetupTypeCache (103ms)
			ReleaseScriptCaches (0ms)
			RebuildScriptCaches (27ms)
			SetupLoadedEditorAssemblies (599ms)
				LogAssemblyErrors (0ms)
				InitializePlatformSupportModulesInManaged (352ms)
				SetLoadedEditorAssemblies (0ms)
				RefreshPlugins (128ms)
				BeforeProcessingInitializeOnLoad (1ms)
				ProcessInitializeOnLoadAttributes (81ms)
				ProcessInitializeOnLoadMethodAttributes (37ms)
				AfterProcessingInitializeOnLoad (0ms)
				EditorAssembliesLoaded (0ms)
			ExecutionOrderSort2 (0ms)
			AwakeInstancesAfterBackupRestoration (0ms)
Platform modules already initialized, skipping
Registering precompiled user dll's ...
Registered in 0.008155 seconds.
Begin MonoManager ReloadAssembly
Native extension for UWP target not found
Native extension for LinuxStandalone target not found
Native extension for WindowsStandalone target not found
Native extension for AppleTV target not found
Native extension for iOS target not found
Native extension for Android target not found
Native extension for OSXStandalone target not found
Native extension for WebGL target not found
Refreshing native plugins compatible for Editor in 126.14 ms, found 4 plugins.
Preloading 0 native plugins for Editor in 0.00 ms.
Package Manager log level set to [2]
[Package Manager] Server::EnsureServerProcessIsRunning -- launch failed, reason: Unity was launched with the -noUpm command-line argument
[Package Manager] Cannot connect to Unity Package Manager local server
Mono: successfully reloaded assembly
- Completed reload, in  1.775 seconds
Domain Reload Profiling:
	ReloadAssembly (1775ms)
		BeginReloadAssembly (116ms)
			ExecutionOrderSort (0ms)
			DisableScriptedObjects (6ms)
			BackupInstance (0ms)
			ReleaseScriptingObjects (0ms)
			CreateAndSetChildDomain (17ms)
		EndReloadAssembly (1561ms)
			LoadAssemblies (105ms)
			RebuildTransferFunctionScriptingTraits (0ms)
			SetupTypeCache (261ms)
			ReleaseScriptCaches (1ms)
			RebuildScriptCaches (65ms)
			SetupLoadedEditorAssemblies (1096ms)
				LogAssemblyErrors (0ms)
				InitializePlatformSupportModulesInManaged (35ms)
				SetLoadedEditorAssemblies (0ms)
				RefreshPlugins (126ms)
				BeforeProcessingInitializeOnLoad (126ms)
				ProcessInitializeOnLoadAttributes (732ms)
				ProcessInitializeOnLoadMethodAttributes (67ms)
				AfterProcessingInitializeOnLoad (8ms)
				EditorAssembliesLoaded (0ms)
			ExecutionOrderSort2 (0ms)
			AwakeInstancesAfterBackupRestoration (5ms)
Platform modules already initialized, skipping
========================================================================
Worker process is ready to serve import requests
Launched and connected shader compiler UnityShaderCompiler.exe after 0.03 seconds
Refreshing native plugins compatible for Editor in 1.18 ms, found 4 plugins.
Preloading 0 native plugins for Editor in 0.00 ms.
Unloading 5641 Unused Serialized files (Serialized files now loaded: 0)
Unloading 53 unused Assets / (0.7 MB). Loaded Objects now: 6118.
Memory consumption went from 255.7 MB to 255.0 MB.
Total: 4.994400 ms (FindLiveObjects: 0.463800 ms CreateObjectMapping: 0.477400 ms MarkObjects: 3.744100 ms  DeleteObjects: 0.308000 ms)

AssetImportParameters requested are different than current active one (requested -> active):
  custom:video-decoder-ogg-theora: a1e56fd34408186e4bbccfd4996cb3dc -> 
  custom:container-muxer-webm: aa71ff27fc2769a1b78a27578f13a17b -> 
  custom:container-demuxer-webm: 4f35f7cbe854078d1ac9338744f61a02 -> 
  custom:video-encoder-webm-vp8: eb34c28f22e8b96e1ab97ce403110664 -> 
  custom:video-codec-MediaFoundation-h265: 746d11721c4dcdbdad8f713fa42b33f4 -> 
  custom:CustomObjectIndexerAttribute: 6b0e35c9178b02a6363f3721b7b8e397 -> 
  custom:audio-encoder-webm-vorbis: bf7c407c2cedff20999df2af8eb42d56 -> 
  custom:framework-win-MediaFoundation: 216162199b28c13a410421893ffa2e32 -> 
  custom:SearchIndexIgnoredProperties: e643bd26f0fe6173181afceb89e7c659 -> 
  custom:container-demuxer-ogg: 62fdf1f143b41e24485cea50d1cbac27 -> 
  custom:video-decoder-webm-vp8: 9c59270c3fd7afecdb556c50c9e8de78 -> 
  custom:audio-decoder-ogg-vorbis: bf7c407c2cedff20999df2af8eb42d56 -> 
========================================================================
Received Import Request.
  Time since last request: 267207.661379 seconds.
  path: Assets/Sprites/Potion and Animations Sprites/Pixel Potion Pack - Animated/Sprites/Big Vial/BLUE/Sprites/Big Vial - BLUE - 0001.png
  artifactKey: Guid(6adea76fb8cf02147b1e5597f601f6f1) Importer(815301076,1909f56bfc062723c751e8b465ee728b)
Number of updated assets reloaded before import = 0
Start importing Assets/Sprites/Potion and Animations Sprites/Pixel Potion Pack - Animated/Sprites/Big Vial/BLUE/Sprites/Big Vial - BLUE - 0001.png using Guid(6adea76fb8cf02147b1e5597f601f6f1) Importer(815301076,1909f56bfc062723c751e8b465ee728b)  -> (artifact id: '4bf25b44aeb038307bb443f3111ce84f') in 0.097415 seconds 
Number of asset objects unloaded after import = 3
========================================================================
Received Import Request.
  Time since last request: 5.299661 seconds.
  path: Assets/Sprites/Potion and Animations Sprites/Pixel Potion Pack - Animated/Sprites/Big Vial/BLUE/Big Vial - BLUE - Spritesheet.png
  artifactKey: Guid(3f468dd74b808d84bac162dd9df6363e) Importer(815301076,1909f56bfc062723c751e8b465ee728b)
Number of updated assets reloaded before import = 0
Start importing Assets/Sprites/Potion and Animations Sprites/Pixel Potion Pack - Animated/Sprites/Big Vial/BLUE/Big Vial - BLUE - Spritesheet.png using Guid(3f468dd74b808d84bac162dd9df6363e) Importer(815301076,1909f56bfc062723c751e8b465ee728b)  -> (artifact id: '432fd5aead4f9c0e16a251ed33af7302') in 0.024589 seconds 
Number of asset objects unloaded after import = 3
========================================================================
Received Import Request.
  Time since last request: 0.000014 seconds.
  path: Assets/Sprites/Potion and Animations Sprites/Pixel Potion Pack - Animated/Sprites/Big Vial/GOLD/Sprites/Big Vial - GOLD - 0000.png
  artifactKey: Guid(1e6360da5dc24134c801ec3a27e46c36) Importer(815301076,1909f56bfc062723c751e8b465ee728b)
Number of updated assets reloaded before import = 0
Start importing Assets/Sprites/Potion and Animations Sprites/Pixel Potion Pack - Animated/Sprites/Big Vial/GOLD/Sprites/Big Vial - GOLD - 0000.png using Guid(1e6360da5dc24134c801ec3a27e46c36) Importer(815301076,1909f56bfc062723c751e8b465ee728b)  -> (artifact id: '089d5feced3b288a89eb93c44148e744') in 0.019324 seconds 
Number of asset objects unloaded after import = 3
========================================================================
Received Import Request.
  Time since last request: 0.040525 seconds.
  path: Assets/Sprites/Potion and Animations Sprites/Pixel Potion Pack - Animated/Sprites/Big Vial/GOLD/Sprites/Big Vial - GOLD - 0006.png
  artifactKey: Guid(c7e12faeacbb02043a6d06a6c881c5e8) Importer(815301076,1909f56bfc062723c751e8b465ee728b)
Number of updated assets reloaded before import = 0
Start importing Assets/Sprites/Potion and Animations Sprites/Pixel Potion Pack - Animated/Sprites/Big Vial/GOLD/Sprites/Big Vial - GOLD - 0006.png using Guid(c7e12faeacbb02043a6d06a6c881c5e8) Importer(815301076,1909f56bfc062723c751e8b465ee728b)  -> (artifact id: 'aa6655f1b262cbf66d55b1e5fc0097a6') in 0.026750 seconds 
Number of asset objects unloaded after import = 3
========================================================================
Received Import Request.
  Time since last request: 0.000014 seconds.
  path: Assets/Sprites/Potion and Animations Sprites/Pixel Potion Pack - Animated/Sprites/Big Vial/GREEN/Sprites/Big Vial - GREEN - 0001.png
  artifactKey: Guid(90ed3d91b3d7293448f6843ff6d8c093) Importer(815301076,1909f56bfc062723c751e8b465ee728b)
Number of updated assets reloaded before import = 0
Start importing Assets/Sprites/Potion and Animations Sprites/Pixel Potion Pack - Animated/Sprites/Big Vial/GREEN/Sprites/Big Vial - GREEN - 0001.png using Guid(90ed3d91b3d7293448f6843ff6d8c093) Importer(815301076,1909f56bfc062723c751e8b465ee728b)  -> (artifact id: 'ac6295ccc3f3a5dc2d14262677833e75') in 0.020142 seconds 
Number of asset objects unloaded after import = 3
========================================================================
Received Import Request.
  Time since last request: 18.216235 seconds.
  path: Assets/Sprites/Potion and Animations Sprites/Pixel Potion Pack - Animated/Sprites/Large Jar/RED/Sprites/Large Jar - RED - 0006.png
  artifactKey: Guid(7c51b03b5888b044b812f0acb2c927c5) Importer(815301076,1909f56bfc062723c751e8b465ee728b)
Number of updated assets reloaded before import = 0
Start importing Assets/Sprites/Potion and Animations Sprites/Pixel Potion Pack - Animated/Sprites/Large Jar/RED/Sprites/Large Jar - RED - 0006.png using Guid(7c51b03b5888b044b812f0acb2c927c5) Importer(815301076,1909f56bfc062723c751e8b465ee728b)  -> (artifact id: '3cf3edcc00ef40aec48caa9659adffe1') in 0.022469 seconds 
Number of asset objects unloaded after import = 3
========================================================================
Received Import Request.
  Time since last request: 0.000013 seconds.
  path: Assets/Sprites/Potion and Animations Sprites/Pixel Potion Pack - Animated/Sprites/Large Jar/RED/Sprites/Large Jar - RED - 0015.png
  artifactKey: Guid(a61656a66ecee03438a9c8f592dec2af) Importer(815301076,1909f56bfc062723c751e8b465ee728b)
Number of updated assets reloaded before import = 0
Start importing Assets/Sprites/Potion and Animations Sprites/Pixel Potion Pack - Animated/Sprites/Large Jar/RED/Sprites/Large Jar - RED - 0015.png using Guid(a61656a66ecee03438a9c8f592dec2af) Importer(815301076,1909f56bfc062723c751e8b465ee728b)  -> (artifact id: 'd3979899338bcb0c4b7e8734ca39f749') in 0.014753 seconds 
Number of asset objects unloaded after import = 3
========================================================================
Received Import Request.
  Time since last request: 0.000013 seconds.
  path: Assets/Sprites/Potion and Animations Sprites/Pixel Potion Pack - Animated/Sprites/Large Jar/RED_GOLD/Sprites/Large Jar - RED_GOLD - 0006.png
  artifactKey: Guid(f7cb600ebcbe9594495723481d2e888e) Importer(815301076,1909f56bfc062723c751e8b465ee728b)
Number of updated assets reloaded before import = 0
Start importing Assets/Sprites/Potion and Animations Sprites/Pixel Potion Pack - Animated/Sprites/Large Jar/RED_GOLD/Sprites/Large Jar - RED_GOLD - 0006.png using Guid(f7cb600ebcbe9594495723481d2e888e) Importer(815301076,1909f56bfc062723c751e8b465ee728b)  -> (artifact id: '561ad4aa50700b796353d4d7196d5fce') in 0.014850 seconds 
Number of asset objects unloaded after import = 3
========================================================================
Received Import Request.
  Time since last request: 0.000013 seconds.
  path: Assets/Sprites/Potion and Animations Sprites/Pixel Potion Pack - Animated/Sprites/Large Jar/RED/Large Jar - RED - Spritesheet.png
  artifactKey: Guid(9517c40511730444e84be30729eeba63) Importer(815301076,1909f56bfc062723c751e8b465ee728b)
Number of updated assets reloaded before import = 0
Start importing Assets/Sprites/Potion and Animations Sprites/Pixel Potion Pack - Animated/Sprites/Large Jar/RED/Large Jar - RED - Spritesheet.png using Guid(9517c40511730444e84be30729eeba63) Importer(815301076,1909f56bfc062723c751e8b465ee728b)  -> (artifact id: '1d4b69773739624bdbc8e29472814269') in 0.021142 seconds 
Number of asset objects unloaded after import = 3
========================================================================
Received Import Request.
  Time since last request: 0.000019 seconds.
  path: Assets/Sprites/Potion and Animations Sprites/Pixel Potion Pack - Animated/Sprites/Large Jar/RED/Sprites/Large Jar - RED - 0021.png
  artifactKey: Guid(70a106a29e5f6b042831fdee1b295287) Importer(815301076,1909f56bfc062723c751e8b465ee728b)
Number of updated assets reloaded before import = 0
Start importing Assets/Sprites/Potion and Animations Sprites/Pixel Potion Pack - Animated/Sprites/Large Jar/RED/Sprites/Large Jar - RED - 0021.png using Guid(70a106a29e5f6b042831fdee1b295287) Importer(815301076,1909f56bfc062723c751e8b465ee728b)  -> (artifact id: 'ff09a3723c5be11c5dd3540fd7de6329') in 0.016595 seconds 
Number of asset objects unloaded after import = 3
========================================================================
Received Import Request.
  Time since last request: 0.000021 seconds.
  path: Assets/Sprites/Potion and Animations Sprites/Pixel Potion Pack - Animated/Sprites/Large Jar/RED_GOLD/Sprites/Large Jar - RED_GOLD - 0000.png
  artifactKey: Guid(6318376ed2195104097779463a68e62e) Importer(815301076,1909f56bfc062723c751e8b465ee728b)
Number of updated assets reloaded before import = 0
Start importing Assets/Sprites/Potion and Animations Sprites/Pixel Potion Pack - Animated/Sprites/Large Jar/RED_GOLD/Sprites/Large Jar - RED_GOLD - 0000.png using Guid(6318376ed2195104097779463a68e62e) Importer(815301076,1909f56bfc062723c751e8b465ee728b)  -> (artifact id: '005770bc5027c363eff872a067149cf9') in 0.015317 seconds 
Number of asset objects unloaded after import = 3
========================================================================
Received Import Request.
  Time since last request: 0.000014 seconds.
  path: Assets/Sprites/Potion and Animations Sprites/Pixel Potion Pack - Animated/Sprites/Large Jar/RED/Sprites/Large Jar - RED - 0017.png
  artifactKey: Guid(2150edd8061e7d042b0634b673ab31a1) Importer(815301076,1909f56bfc062723c751e8b465ee728b)
Number of updated assets reloaded before import = 0
Start importing Assets/Sprites/Potion and Animations Sprites/Pixel Potion Pack - Animated/Sprites/Large Jar/RED/Sprites/Large Jar - RED - 0017.png using Guid(2150edd8061e7d042b0634b673ab31a1) Importer(815301076,1909f56bfc062723c751e8b465ee728b)  -> (artifact id: '6d4511f5c98b9d8aebe2d199e63b3fbc') in 0.015804 seconds 
Number of asset objects unloaded after import = 3
========================================================================
Received Import Request.
  Time since last request: 0.000017 seconds.
  path: Assets/Sprites/Potion and Animations Sprites/Pixel Potion Pack - Animated/Sprites/Large Jar/RED_GOLD/Sprites/Large Jar - RED_GOLD - 0001.png
  artifactKey: Guid(f4dd0367672b6ef44bc1ecf16ff6e96f) Importer(815301076,1909f56bfc062723c751e8b465ee728b)
Number of updated assets reloaded before import = 0
Start importing Assets/Sprites/Potion and Animations Sprites/Pixel Potion Pack - Animated/Sprites/Large Jar/RED_GOLD/Sprites/Large Jar - RED_GOLD - 0001.png using Guid(f4dd0367672b6ef44bc1ecf16ff6e96f) Importer(815301076,1909f56bfc062723c751e8b465ee728b)  -> (artifact id: '4d7bd410ea8c0f23d9c09d40d85128d6') in 0.013583 seconds 
Number of asset objects unloaded after import = 3
========================================================================
Received Import Request.
  Time since last request: 0.000014 seconds.
  path: Assets/Sprites/Potion and Animations Sprites/Pixel Potion Pack - Animated/Sprites/Large Jar/RED/Sprites/Large Jar - RED - 0016.png
  artifactKey: Guid(b77f57cbc8b73f94f93e9dce6e9cda28) Importer(815301076,1909f56bfc062723c751e8b465ee728b)
Number of updated assets reloaded before import = 0
Start importing Assets/Sprites/Potion and Animations Sprites/Pixel Potion Pack - Animated/Sprites/Large Jar/RED/Sprites/Large Jar - RED - 0016.png using Guid(b77f57cbc8b73f94f93e9dce6e9cda28) Importer(815301076,1909f56bfc062723c751e8b465ee728b)  -> (artifact id: '8466b00a9784d576da4bd66f6dd67ce2') in 0.014790 seconds 
Number of asset objects unloaded after import = 3
Editor requested this worker to shutdown with reason: Scaling down because of idle timeout
AssetImportWorker is now disconnected from the server
Process exiting
Exiting without the bug reporter. Application will terminate with return code 0